#
# There is insufficient memory for the Java Runtime Environment to continue.
# Native memory allocation (malloc) failed to allocate 32744 bytes for ChunkPool::allocate
# Possible reasons:
#   The system is out of physical RAM or swap space
#   The process is running with CompressedOops enabled, and the Java Heap may be blocking the growth of the native heap
# Possible solutions:
#   Reduce memory load on the system
#   Increase physical memory or swap space
#   Check if swap backing store is full
#   Decrease Java heap size (-Xmx/-Xms)
#   Decrease number of Java threads
#   Decrease Java thread stack sizes (-Xss)
#   Set larger code cache with -XX:ReservedCodeCacheSize=
#   JVM is running with Zero Based Compressed Oops mode in which the Java heap is
#     placed in the first 32GB address space. The Java Heap base address is the
#     maximum limit for the native heap growth. Please use -XX:HeapBaseMinAddress
#     to set the Java Heap base and to place the Java Heap above 32GB virtual address.
# This output file may be truncated or incomplete.
#
#  Out of Memory Error (t:/workspace/open/src/hotspot/share/memory/arena.cpp:81), pid=42324, tid=36904
#
# JRE version: Java(TM) SE Runtime Environment (11.0.6+8) (build 11.0.6+8-LTS)
# Java VM: Java HotSpot(TM) 64-Bit Server VM (11.0.6+8-LTS, mixed mode, tiered, compressed oops, g1 gc, windows-amd64)
# No core dump will be written. Minidumps are not enabled by default on client versions of Windows
#

---------------  S U M M A R Y ------------

Command Line: -agentlib:jdwp=transport=dt_socket,address=127.0.0.1:64204,suspend=y,server=n -XX:TieredStopAtLevel=1 -Xverify:none -Dspring.output.ansi.enabled=always -javaagent:C:\Users\dongguohui\AppData\Local\JetBrains\IntelliJIdea2021.1\captureAgent\debugger-agent.jar -Dcom.sun.management.jmxremote -Dspring.jmx.enabled=true -Dspring.liveBeansView.mbeanDomain -Dspring.application.admin.enabled=true -Dfile.encoding=UTF-8 com.xuecheng.MediaApplication

Host: 13th Gen Intel(R) Core(TM) i7-13700H, 20 cores, 15G,  Windows 10 , 64 bit Build 22621 (10.0.22621.1928)
Time: Fri Aug 11 20:40:00 2023 中国标准时间 elapsed time: 2677 seconds (0d 0h 44m 37s)

---------------  T H R E A D  ---------------

Current thread (0x0000020db814f000):  VMThread "VM Thread" [stack: 0x000000c749c00000,0x000000c749d00000] [id=36904] _threads_hazard_ptr=0x0000020db9dd5c80

Stack: [0x000000c749c00000,0x000000c749d00000]
[error occurred during error reporting (printing stack bounds), id 0xc0000005, EXCEPTION_ACCESS_VIOLATION (0xc0000005) at pc=0x0000020d9b430bad]

Native frames: (J=compiled Java code, j=interpreted, Vv=VM code, C=native code)
V  [jvm.dll+0x63679a]
V  [jvm.dll+0x7755bf]
V  [jvm.dll+0x776c65]
V  [jvm.dll+0x777235]
V  [jvm.dll+0x7771eb]
V  [jvm.dll+0x635e96]
V  [jvm.dll+0x636268]
C  [ntdll.dll+0xa3dff]
C  [ntdll.dll+0x1e456]
C  [ntdll.dll+0xa2dee]
C  0x0000020d9b430bad

VM_Operation (0x000000c74ddf9960): RevokeBias, mode: safepoint, requested by thread 0x0000020dbd04e800


---------------  P R O C E S S  ---------------

Threads class SMR info:
_java_thread_list=0x0000020db9dd5c80, length=91, elements={
0x0000020db8154000, 0x0000020db817d000, 0x0000020db81e7000, 0x0000020db81ec000,
0x0000020db81ee000, 0x0000020db81ef000, 0x0000020db782e000, 0x0000020db8440800,
0x0000020db845c000, 0x0000020db8460800, 0x0000020db8a78800, 0x0000020db8be7800,
0x0000020db9dc7000, 0x0000020db9fa0800, 0x0000020db9fc7800, 0x0000020db9f87000,
0x0000020dba06a000, 0x0000020dba07b000, 0x0000020dba07c000, 0x0000020dbc0a9800,
0x0000020dbc675800, 0x0000020dbc67c000, 0x0000020dbbd87000, 0x0000020dbbd88000,
0x0000020dbbd88800, 0x0000020dbbd8b000, 0x0000020dbbd89800, 0x0000020dbbd8c000,
0x0000020dbbd8a800, 0x0000020dbbd86800, 0x0000020dbbd8d000, 0x0000020dbcebc800,
0x0000020dbceb9000, 0x0000020dbceba800, 0x0000020dbceb6800, 0x0000020dbcebb800,
0x0000020dbcebd000, 0x0000020dbceba000, 0x0000020dbceb7800, 0x0000020dbcebe000,
0x0000020dbceb8800, 0x0000020dbcec4800, 0x0000020dbcec3800, 0x0000020dbcec3000,
0x0000020dbcebf000, 0x0000020dbcec2000, 0x0000020dbcec5800, 0x0000020dbcebf800,
0x0000020dbcec0800, 0x0000020dbcec1000, 0x0000020dbd04c000, 0x0000020dbd04e800,
0x0000020dbd04b000, 0x0000020dbd049800, 0x0000020dbd04a800, 0x0000020dbd048800,
0x0000020dbd051000, 0x0000020dbd04d000, 0x0000020dbd04d800, 0x0000020dbd053800,
0x0000020dbd054000, 0x0000020dbd055000, 0x0000020dbd04f800, 0x0000020dbd056000,
0x0000020dbd050000, 0x0000020dbd057800, 0x0000020dbd056800, 0x0000020dbbb66800,
0x0000020dbbb63000, 0x0000020dbbb68000, 0x0000020dbbb64000, 0x0000020dbbb65800,
0x0000020dbbb69000, 0x0000020dbbb69800, 0x0000020dbbb6a800, 0x0000020dbbb65000,
0x0000020dbbb6c000, 0x0000020dbbb6d000, 0x0000020dbbb6b800, 0x0000020dbbb67800,
0x0000020dbbb6e000, 0x0000020dbbb71000, 0x0000020dbbb72000, 0x0000020dbbb6e800,
0x0000020dbbb6f800, 0x0000020dbbb70800, 0x0000020dbd051800, 0x0000020dbd052800,
0x0000020dbc526800, 0x0000020dbc527000, 0x0000020dbc524000
}

Java Threads: ( => current thread )
  0x0000020db8154000 JavaThread "Reference Handler" daemon [_thread_blocked, id=25304, stack(0x000000c749d00000,0x000000c749e00000)]
  0x0000020db817d000 JavaThread "Finalizer" daemon [_thread_blocked, id=38424, stack(0x000000c749e00000,0x000000c749f00000)]
  0x0000020db81e7000 JavaThread "Signal Dispatcher" daemon [_thread_blocked, id=23216, stack(0x000000c749f00000,0x000000c74a000000)]
  0x0000020db81ec000 JavaThread "Attach Listener" daemon [_thread_blocked, id=2868, stack(0x000000c74a000000,0x000000c74a100000)]
  0x0000020db81ee000 JavaThread "C1 CompilerThread0" daemon [_thread_blocked, id=38712, stack(0x000000c74a100000,0x000000c74a200000)]
  0x0000020db81ef000 JavaThread "Sweeper thread" daemon [_thread_blocked, id=25180, stack(0x000000c74a200000,0x000000c74a300000)]
  0x0000020db782e000 JavaThread "Common-Cleaner" daemon [_thread_blocked, id=28892, stack(0x000000c74a300000,0x000000c74a400000)]
  0x0000020db8440800 JavaThread "JDWP Transport Listener: dt_socket" daemon [_thread_blocked, id=38148, stack(0x000000c74a400000,0x000000c74a500000)]
  0x0000020db845c000 JavaThread "JDWP Event Helper Thread" daemon [_thread_blocked, id=11312, stack(0x000000c74a500000,0x000000c74a600000)]
  0x0000020db8460800 JavaThread "JDWP Command Reader" daemon [_thread_in_native, id=31300, stack(0x000000c74a600000,0x000000c74a700000)]
  0x0000020db8a78800 JavaThread "Service Thread" daemon [_thread_blocked, id=27156, stack(0x000000c74a700000,0x000000c74a800000)]
  0x0000020db8be7800 JavaThread "RMI TCP Accept-0" daemon [_thread_in_native, id=34736, stack(0x000000c74ad00000,0x000000c74ae00000)]
  0x0000020db9dc7000 JavaThread "RMI Scheduler(0)" daemon [_thread_blocked, id=5252, stack(0x000000c74b300000,0x000000c74b400000)]
  0x0000020db9fa0800 JavaThread "com.alibaba.nacos.client.identify.watcher.0" daemon [_thread_blocked, id=40516, stack(0x000000c74b400000,0x000000c74b500000)]
  0x0000020db9fc7800 JavaThread "com.alibaba.nacos.client.config.security.updater" daemon [_thread_blocked, id=41608, stack(0x000000c74b500000,0x000000c74b600000)]
  0x0000020db9f87000 JavaThread "com.alibaba.nacos.client.Worker.fixed-192.168.101.65_8848-dev402" daemon [_thread_blocked, id=6484, stack(0x000000c74b600000,0x000000c74b700000)]
  0x0000020dba06a000 JavaThread "Keep-Alive-Timer" daemon [_thread_blocked, id=33276, stack(0x000000c74b800000,0x000000c74b900000)]
  0x0000020dba07b000 JavaThread "Log4j2-TF-6-Scheduled-1" daemon [_thread_blocked, id=41032, stack(0x000000c74b900000,0x000000c74ba00000)]
  0x0000020dba07c000 JavaThread "AsyncAppender-AsyncAppender" daemon [_thread_blocked, id=12908, stack(0x000000c74ba00000,0x000000c74bb00000)]
  0x0000020dbc0a9800 JavaThread "Catalina-utility-1" [_thread_blocked, id=18316, stack(0x000000c74bb00000,0x000000c74bc00000)]
  0x0000020dbc675800 JavaThread "Catalina-utility-2" [_thread_blocked, id=29064, stack(0x000000c74bc00000,0x000000c74bd00000)]
  0x0000020dbc67c000 JavaThread "container-0" [_thread_blocked, id=43400, stack(0x000000c74bd00000,0x000000c74be00000)]
  0x0000020dbbd87000 JavaThread "mysql-cj-abandoned-connection-cleanup" daemon [_thread_blocked, id=18412, stack(0x000000c74c000000,0x000000c74c100000)]
  0x0000020dbbd88000 JavaThread "spring.cloud.inetutils" daemon [_thread_blocked, id=33640, stack(0x000000c74c100000,0x000000c74c200000)]
  0x0000020dbbd88800 JavaThread "xxl-job, executor JobLogFileCleanThread" daemon [_thread_blocked, id=11248, stack(0x000000c74c200000,0x000000c74c300000)]
  0x0000020dbbd8b000 JavaThread "xxl-job, executor TriggerCallbackThread" daemon [_thread_blocked, id=11988, stack(0x000000c74c300000,0x000000c74c400000)]
  0x0000020dbbd89800 JavaThread "Thread-9" daemon [_thread_blocked, id=44016, stack(0x000000c74c400000,0x000000c74c500000)]
  0x0000020dbbd8c000 JavaThread "Thread-10" daemon [_thread_blocked, id=41176, stack(0x000000c74c500000,0x000000c74c600000)]
  0x0000020dbbd8a800 JavaThread "com.alibaba.nacos.client.naming.updater" daemon [_thread_blocked, id=41988, stack(0x000000c74c600000,0x000000c74c700000)]
  0x0000020dbbd86800 JavaThread "com.alibaba.nacos.client.naming.updater" daemon [_thread_blocked, id=38536, stack(0x000000c74c700000,0x000000c74c800000)]
  0x0000020dbbd8d000 JavaThread "com.alibaba.nacos.naming.failover" daemon [_thread_blocked, id=18880, stack(0x000000c74c800000,0x000000c74c900000)]
  0x0000020dbcebc800 JavaThread "com.alibaba.nacos.naming.push.receiver" daemon [_thread_in_native, id=40968, stack(0x000000c74c900000,0x000000c74ca00000)]
  0x0000020dbceb9000 JavaThread "nacos.publisher-com.alibaba.nacos.common.notify.SlowEvent" daemon [_thread_blocked, id=42000, stack(0x000000c74ca00000,0x000000c74cb00000)]
  0x0000020dbceba800 JavaThread "nacos.publisher-com.alibaba.nacos.client.naming.event.InstancesChangeEvent" daemon [_thread_blocked, id=42988, stack(0x000000c74cb00000,0x000000c74cc00000)]
  0x0000020dbceb6800 JavaThread "com.alibaba.nacos.client.naming.updater" daemon [_thread_blocked, id=42844, stack(0x000000c74cc00000,0x000000c74cd00000)]
  0x0000020dbcebb800 JavaThread "Nacos-Watch-Task-Scheduler-1" [_thread_blocked, id=3804, stack(0x000000c74cd00000,0x000000c74ce00000)]
  0x0000020dbcebd000 JavaThread "http-nio-63050-BlockPoller" daemon [_thread_in_native, id=13444, stack(0x000000c74ce00000,0x000000c74cf00000)]
  0x0000020dbceba000 JavaThread "http-nio-63050-exec-1" daemon [_thread_blocked, id=31220, stack(0x000000c74cf00000,0x000000c74d000000)]
  0x0000020dbceb7800 JavaThread "http-nio-63050-exec-2" daemon [_thread_blocked, id=10656, stack(0x000000c74d000000,0x000000c74d100000)]
  0x0000020dbcebe000 JavaThread "http-nio-63050-exec-3" daemon [_thread_blocked, id=42868, stack(0x000000c74d100000,0x000000c74d200000)]
  0x0000020dbceb8800 JavaThread "http-nio-63050-exec-4" daemon [_thread_blocked, id=21088, stack(0x000000c74d200000,0x000000c74d300000)]
  0x0000020dbcec4800 JavaThread "http-nio-63050-exec-5" daemon [_thread_blocked, id=38716, stack(0x000000c74d300000,0x000000c74d400000)]
  0x0000020dbcec3800 JavaThread "http-nio-63050-exec-6" daemon [_thread_blocked, id=41888, stack(0x000000c74d400000,0x000000c74d500000)]
  0x0000020dbcec3000 JavaThread "http-nio-63050-exec-7" daemon [_thread_blocked, id=42168, stack(0x000000c74d500000,0x000000c74d600000)]
  0x0000020dbcebf000 JavaThread "http-nio-63050-exec-8" daemon [_thread_blocked, id=4016, stack(0x000000c74d600000,0x000000c74d700000)]
  0x0000020dbcec2000 JavaThread "http-nio-63050-exec-9" daemon [_thread_blocked, id=4468, stack(0x000000c74d700000,0x000000c74d800000)]
  0x0000020dbcec5800 JavaThread "http-nio-63050-exec-10" daemon [_thread_blocked, id=16708, stack(0x000000c74d800000,0x000000c74d900000)]
  0x0000020dbcebf800 JavaThread "http-nio-63050-ClientPoller" daemon [_thread_in_native, id=18596, stack(0x000000c74d900000,0x000000c74da00000)]
  0x0000020dbcec0800 JavaThread "http-nio-63050-Acceptor" daemon [_thread_in_native, id=4264, stack(0x000000c74da00000,0x000000c74db00000)]
  0x0000020dbcec1000 JavaThread "com.alibaba.nacos.naming.beat.sender" daemon [_thread_blocked, id=38416, stack(0x000000c74db00000,0x000000c74dc00000)]
  0x0000020dbd04c000 JavaThread "nioEventLoopGroup-2-1" [_thread_in_native, id=33416, stack(0x000000c74dc00000,0x000000c74dd00000)]
  0x0000020dbd04e800 JavaThread "xxl-job, executor ExecutorRegistryThread" daemon [_thread_blocked, id=28564, stack(0x000000c74dd00000,0x000000c74de00000)]
  0x0000020dbd04b000 JavaThread "DestroyJavaVM" [_thread_blocked, id=39548, stack(0x000000c749600000,0x000000c749700000)]
  0x0000020dbd049800 JavaThread "com.alibaba.nacos.client.Worker.longPolling.fixed-192.168.101.65_8848-dev402" daemon [_thread_blocked, id=41080, stack(0x000000c74de00000,0x000000c74df00000)]
  0x0000020dbd04a800 JavaThread "com.alibaba.nacos.client.Worker.longPolling.fixed-192.168.101.65_8848-dev402" daemon [_thread_blocked, id=9832, stack(0x000000c74df00000,0x000000c74e000000)]
  0x0000020dbd048800 JavaThread "com.alibaba.nacos.client.naming.updater" daemon [_thread_blocked, id=38876, stack(0x000000c74e000000,0x000000c74e100000)]
  0x0000020dbd051000 JavaThread "com.alibaba.nacos.naming.beat.sender" daemon [_thread_blocked, id=32924, stack(0x000000c74e300000,0x000000c74e400000)]
  0x0000020dbd04d000 JavaThread "com.alibaba.nacos.naming.beat.sender" daemon [_thread_blocked, id=43576, stack(0x000000c74e400000,0x000000c74e500000)]
  0x0000020dbd04d800 JavaThread "com.alibaba.nacos.client.naming.updater" daemon [_thread_blocked, id=16004, stack(0x000000c74e500000,0x000000c74e600000)]
  0x0000020dbd053800 JavaThread "com.alibaba.nacos.naming.beat.sender" daemon [_thread_blocked, id=35288, stack(0x000000c74e600000,0x000000c74e700000)]
  0x0000020dbd054000 JavaThread "com.alibaba.nacos.naming.beat.sender" daemon [_thread_blocked, id=26912, stack(0x000000c74e700000,0x000000c74e800000)]
  0x0000020dbd055000 JavaThread "com.alibaba.nacos.client.naming.updater" daemon [_thread_blocked, id=34320, stack(0x000000c74e800000,0x000000c74e900000)]
  0x0000020dbd04f800 JavaThread "com.alibaba.nacos.naming.beat.sender" daemon [_thread_blocked, id=28612, stack(0x000000c74e900000,0x000000c74ea00000)]
  0x0000020dbd056000 JavaThread "com.alibaba.nacos.naming.beat.sender" daemon [_thread_blocked, id=25828, stack(0x000000c74ec00000,0x000000c74ed00000)]
  0x0000020dbd050000 JavaThread "com.alibaba.nacos.client.Worker.longPolling.fixed-192.168.101.65_8848-dev402" daemon [_thread_in_native, id=35108, stack(0x000000c74ed00000,0x000000c74ee00000)]
  0x0000020dbd057800 JavaThread "com.alibaba.nacos.client.naming.updater" daemon [_thread_blocked, id=40900, stack(0x000000c74ee00000,0x000000c74ef00000)]
  0x0000020dbd056800 JavaThread "com.alibaba.nacos.naming.beat.sender" daemon [_thread_blocked, id=24228, stack(0x000000c74ef00000,0x000000c74f000000)]
  0x0000020dbbb66800 JavaThread "com.alibaba.nacos.naming.beat.sender" daemon [_thread_blocked, id=33396, stack(0x000000c74f000000,0x000000c74f100000)]
  0x0000020dbbb63000 JavaThread "com.alibaba.nacos.client.naming.updater" daemon [_thread_blocked, id=43508, stack(0x000000c74f100000,0x000000c74f200000)]
  0x0000020dbbb68000 JavaThread "com.alibaba.nacos.naming.beat.sender" daemon [_thread_blocked, id=24984, stack(0x000000c74f200000,0x000000c74f300000)]
  0x0000020dbbb64000 JavaThread "com.alibaba.nacos.client.naming.updater" daemon [_thread_blocked, id=31440, stack(0x000000c74f300000,0x000000c74f400000)]
  0x0000020dbbb65800 JavaThread "com.alibaba.nacos.client.Worker.longPolling.fixed-192.168.101.65_8848-dev402" daemon [_thread_blocked, id=26760, stack(0x000000c749300000,0x000000c749400000)]
  0x0000020dbbb69000 JavaThread "com.alibaba.nacos.client.naming.updater" daemon [_thread_blocked, id=39152, stack(0x000000c749400000,0x000000c749500000)]
  0x0000020dbbb69800 JavaThread "com.alibaba.nacos.client.naming.updater" daemon [_thread_blocked, id=33712, stack(0x000000c749500000,0x000000c749600000)]
  0x0000020dbbb6a800 JavaThread "com.alibaba.nacos.client.naming.updater" daemon [_thread_blocked, id=17596, stack(0x000000c74e200000,0x000000c74e300000)]
  0x0000020dbbb65000 JavaThread "com.alibaba.nacos.client.Worker.longPolling.fixed-192.168.101.65_8848-dev402" daemon [_thread_blocked, id=21044, stack(0x000000c74b200000,0x000000c74b300000)]
  0x0000020dbbb6c000 JavaThread "com.alibaba.nacos.client.Worker.longPolling.fixed-192.168.101.65_8848-dev402" daemon [_thread_blocked, id=36840, stack(0x000000c74e100000,0x000000c74e200000)]
  0x0000020dbbb6d000 JavaThread "com.alibaba.nacos.client.Worker.longPolling.fixed-192.168.101.65_8848-dev402" daemon [_thread_blocked, id=6756, stack(0x000000c74ea00000,0x000000c74eb00000)]
  0x0000020dbbb6b800 JavaThread "com.alibaba.nacos.client.Worker.longPolling.fixed-192.168.101.65_8848-dev402" daemon [_thread_blocked, id=5432, stack(0x000000c74eb00000,0x000000c74ec00000)]
  0x0000020dbbb67800 JavaThread "com.alibaba.nacos.client.Worker.longPolling.fixed-192.168.101.65_8848-dev402" daemon [_thread_blocked, id=36584, stack(0x000000c74f400000,0x000000c74f500000)]
  0x0000020dbbb6e000 JavaThread "com.alibaba.nacos.client.Worker.longPolling.fixed-192.168.101.65_8848-dev402" daemon [_thread_blocked, id=27588, stack(0x000000c74f500000,0x000000c74f600000)]
  0x0000020dbbb71000 JavaThread "com.alibaba.nacos.client.Worker.longPolling.fixed-192.168.101.65_8848-dev402" daemon [_thread_blocked, id=27152, stack(0x000000c74f600000,0x000000c74f700000)]
  0x0000020dbbb72000 JavaThread "com.alibaba.nacos.client.Worker.longPolling.fixed-192.168.101.65_8848-dev402" daemon [_thread_blocked, id=42928, stack(0x000000c74f900000,0x000000c74fa00000)]
  0x0000020dbbb6e800 JavaThread "com.alibaba.nacos.client.Worker.longPolling.fixed-192.168.101.65_8848-dev402" daemon [_thread_blocked, id=39728, stack(0x000000c74b700000,0x000000c74b800000)]
  0x0000020dbbb6f800 JavaThread "com.alibaba.nacos.client.Worker.longPolling.fixed-192.168.101.65_8848-dev402" daemon [_thread_blocked, id=30404, stack(0x000000c74fa00000,0x000000c74fb00000)]
  0x0000020dbbb70800 JavaThread "com.alibaba.nacos.client.Worker.longPolling.fixed-192.168.101.65_8848-dev402" daemon [_thread_blocked, id=15796, stack(0x000000c74fb00000,0x000000c74fc00000)]
  0x0000020dbd051800 JavaThread "com.alibaba.nacos.client.Worker.longPolling.fixed-192.168.101.65_8848-dev402" daemon [_thread_blocked, id=22036, stack(0x000000c74f800000,0x000000c74f900000)]
  0x0000020dbd052800 JavaThread "com.alibaba.nacos.client.Worker.longPolling.fixed-192.168.101.65_8848-dev402" daemon [_thread_blocked, id=9520, stack(0x000000c74fc00000,0x000000c74fd00000)]
  0x0000020dbc526800 JavaThread "com.alibaba.nacos.client.Worker.longPolling.fixed-192.168.101.65_8848-dev402" daemon [_thread_blocked, id=29412, stack(0x000000c74fd00000,0x000000c74fe00000)]
  0x0000020dbc527000 JavaThread "com.alibaba.nacos.client.Worker.longPolling.fixed-192.168.101.65_8848-dev402" daemon [_thread_blocked, id=37048, stack(0x000000c74fe00000,0x000000c74ff00000)]
  0x0000020dbc524000 JavaThread "com.alibaba.nacos.client.Worker.longPolling.fixed-192.168.101.65_8848-dev402" daemon [_thread_blocked, id=26532, stack(0x000000c74ff00000,0x000000c750000000)]

Other Threads:
=>0x0000020db814f000 VMThread "VM Thread" [stack: 0x000000c749c00000,0x000000c749d00000] [id=36904] _threads_hazard_ptr=0x0000020db9dd5c80
  0x0000020db91b9800 WatcherThread [stack: 0x000000c74ae00000,0x000000c74af00000] [id=2560]
  0x0000020d930de000 GCTaskThread "GC Thread#0" [stack: 0x000000c749700000,0x000000c749800000] [id=28660]
  0x0000020db8c34800 GCTaskThread "GC Thread#1" [stack: 0x000000c74a800000,0x000000c74a900000] [id=36796]
  0x0000020db8c35800 GCTaskThread "GC Thread#2" [stack: 0x000000c74a900000,0x000000c74aa00000] [id=9072]
  0x0000020db8c36800 GCTaskThread "GC Thread#3" [stack: 0x000000c74aa00000,0x000000c74ab00000] [id=8392]
  0x0000020db8c38000 GCTaskThread "GC Thread#4" [stack: 0x000000c74ab00000,0x000000c74ac00000] [id=11172]
  0x0000020db8c39000 GCTaskThread "GC Thread#5" [stack: 0x000000c74ac00000,0x000000c74ad00000] [id=26028]
  0x0000020dbc495800 GCTaskThread "GC Thread#6" [stack: 0x000000c74be00000,0x000000c74bf00000] [id=13628]
  0x0000020dbc496800 GCTaskThread "GC Thread#7" [stack: 0x000000c74bf00000,0x000000c74c000000] [id=7252]
  0x0000020db869c800 GCTaskThread "GC Thread#8" [stack: 0x000000c750000000,0x000000c750100000] [id=10388]
  0x0000020db869d000 GCTaskThread "GC Thread#9" [stack: 0x000000c750100000,0x000000c750200000] [id=13420]
  0x0000020db869e000 GCTaskThread "GC Thread#10" [stack: 0x000000c750200000,0x000000c750300000] [id=28900]
  0x0000020db86a1000 GCTaskThread "GC Thread#11" [stack: 0x000000c750300000,0x000000c750400000] [id=37384]
  0x0000020d9313a000 ConcurrentGCThread "G1 Main Marker" [stack: 0x000000c749800000,0x000000c749900000] [id=42540]
  0x0000020d9313c000 ConcurrentGCThread "G1 Conc#0" [stack: 0x000000c749900000,0x000000c749a00000] [id=42484]
  0x0000020db9810000 ConcurrentGCThread "G1 Conc#1" [stack: 0x000000c74af00000,0x000000c74b000000] [id=16836]
  0x0000020db980d000 ConcurrentGCThread "G1 Conc#2" [stack: 0x000000c74b000000,0x000000c74b100000] [id=10836]
  0x0000020db9881800 ConcurrentGCThread "G1 Conc#3" [stack: 0x000000c74b100000,0x000000c74b200000] [id=31724]
  0x0000020db7772000 ConcurrentGCThread "G1 Refine#0" [stack: 0x000000c749a00000,0x000000c749b00000] [id=34700]
  0x0000020db777a000 ConcurrentGCThread "G1 Young RemSet Sampling" [stack: 0x000000c749b00000,0x000000c749c00000] [id=19840]

Threads with active compile tasks:

VM state:at safepoint (normal execution)

VM Mutex/Monitor currently owned by a thread:  ([mutex/lock_event])
[0x0000020d930c4b80] Threads_lock - owner thread: 0x0000020db814f000

Heap address: 0x0000000704400000, size: 4028 MB, Compressed Oops mode: Zero based, Oop shift amount: 3
Narrow klass base: 0x0000000800000000, Narrow klass shift: 0
Compressed class space size: 1073741824 Address: 0x0000000800000000

Heap:
 garbage-first heap   total 310272K, used 54157K [0x0000000704400000, 0x0000000800000000)
  region size 1024K, 30 young (30720K), 15 survivors (15360K)
 Metaspace       used 63926K, capacity 65671K, committed 65840K, reserved 1105920K
  class space    used 7872K, capacity 8541K, committed 8576K, reserved 1048576K
Heap Regions: E=young(eden), S=young(survivor), O=old, HS=humongous(starts), HC=humongous(continues), CS=collection set, F=free, A=archive, TAMS=top-at-mark-start (previous, next)
|   0|0x0000000704400000, 0x0000000704500000, 0x0000000704500000|100%| O|  |TAMS 0x0000000704500000, 0x0000000704400000| Untracked 
|   1|0x0000000704500000, 0x0000000704600000, 0x0000000704600000|100%| O|  |TAMS 0x0000000704600000, 0x0000000704500000| Untracked 
|   2|0x0000000704600000, 0x0000000704700000, 0x0000000704700000|100%| O|  |TAMS 0x0000000704700000, 0x0000000704600000| Untracked 
|   3|0x0000000704700000, 0x0000000704800000, 0x0000000704800000|100%| O|  |TAMS 0x0000000704800000, 0x0000000704700000| Untracked 
|   4|0x0000000704800000, 0x0000000704900000, 0x0000000704900000|100%| O|  |TAMS 0x0000000704900000, 0x0000000704800000| Untracked 
|   5|0x0000000704900000, 0x0000000704a00000, 0x0000000704a00000|100%| O|  |TAMS 0x0000000704a00000, 0x0000000704900000| Untracked 
|   6|0x0000000704a00000, 0x0000000704b00000, 0x0000000704b00000|100%| O|  |TAMS 0x0000000704b00000, 0x0000000704a00000| Untracked 
|   7|0x0000000704b00000, 0x0000000704c00000, 0x0000000704c00000|100%| O|  |TAMS 0x0000000704c00000, 0x0000000704b00000| Untracked 
|   8|0x0000000704c00000, 0x0000000704d00000, 0x0000000704d00000|100%| O|  |TAMS 0x0000000704d00000, 0x0000000704c00000| Untracked 
|   9|0x0000000704d00000, 0x0000000704e00000, 0x0000000704e00000|100%| O|  |TAMS 0x0000000704e00000, 0x0000000704d00000| Untracked 
|  10|0x0000000704e00000, 0x0000000704f00000, 0x0000000704f00000|100%| O|  |TAMS 0x0000000704f00000, 0x0000000704e00000| Untracked 
|  11|0x0000000704f00000, 0x0000000705000000, 0x0000000705000000|100%| O|  |TAMS 0x0000000705000000, 0x0000000704f00000| Untracked 
|  12|0x0000000705000000, 0x0000000705100000, 0x0000000705100000|100%| O|  |TAMS 0x0000000705100000, 0x0000000705000000| Untracked 
|  13|0x0000000705100000, 0x0000000705200000, 0x0000000705200000|100%| O|  |TAMS 0x0000000705200000, 0x0000000705100000| Untracked 
|  14|0x0000000705200000, 0x0000000705300000, 0x0000000705300000|100%| O|  |TAMS 0x0000000705300000, 0x0000000705200000| Untracked 
|  15|0x0000000705300000, 0x0000000705400000, 0x0000000705400000|100%| O|  |TAMS 0x0000000705400000, 0x0000000705300000| Untracked 
|  16|0x0000000705400000, 0x0000000705500000, 0x0000000705500000|100%| O|  |TAMS 0x0000000705500000, 0x0000000705400000| Untracked 
|  17|0x0000000705500000, 0x0000000705600000, 0x0000000705600000|100%| O|  |TAMS 0x0000000705600000, 0x0000000705500000| Untracked 
|  18|0x0000000705600000, 0x0000000705700000, 0x0000000705700000|100%| O|  |TAMS 0x00000007056fca00, 0x0000000705600000| Untracked 
|  19|0x0000000705700000, 0x0000000705800000, 0x0000000705800000|100%| O|  |TAMS 0x0000000705700000, 0x0000000705700000| Untracked 
|  20|0x0000000705800000, 0x0000000705900000, 0x0000000705900000|100%| O|  |TAMS 0x0000000705800000, 0x0000000705800000| Untracked 
|  21|0x0000000705900000, 0x0000000705a00000, 0x0000000705a00000|100%| O|  |TAMS 0x0000000705900000, 0x0000000705900000| Untracked 
|  22|0x0000000705a00000, 0x0000000705b00000, 0x0000000705b00000|100%| O|  |TAMS 0x0000000705a00000, 0x0000000705a00000| Untracked 
|  23|0x0000000705b00000, 0x0000000705c00000, 0x0000000705c00000|100%| O|  |TAMS 0x0000000705b00000, 0x0000000705b00000| Untracked 
|  24|0x0000000705c00000, 0x0000000705c76200, 0x0000000705d00000| 46%| O|  |TAMS 0x0000000705c00000, 0x0000000705c00000| Untracked 
|  25|0x0000000705d00000, 0x0000000705d00000, 0x0000000705e00000|  0%| F|  |TAMS 0x0000000705d00000, 0x0000000705d00000| Untracked 
|  26|0x0000000705e00000, 0x0000000705e00000, 0x0000000705f00000|  0%| F|  |TAMS 0x0000000705e00000, 0x0000000705e00000| Untracked 
|  27|0x0000000705f00000, 0x0000000705f00000, 0x0000000706000000|  0%| F|  |TAMS 0x0000000705f00000, 0x0000000705f00000| Untracked 
|  28|0x0000000706000000, 0x0000000706000000, 0x0000000706100000|  0%| F|  |TAMS 0x0000000706000000, 0x0000000706000000| Untracked 
|  29|0x0000000706100000, 0x0000000706100000, 0x0000000706200000|  0%| F|  |TAMS 0x0000000706100000, 0x0000000706100000| Untracked 
|  30|0x0000000706200000, 0x0000000706200000, 0x0000000706300000|  0%| F|  |TAMS 0x0000000706200000, 0x0000000706200000| Untracked 
|  31|0x0000000706300000, 0x0000000706300000, 0x0000000706400000|  0%| F|  |TAMS 0x0000000706300000, 0x0000000706300000| Untracked 
|  32|0x0000000706400000, 0x0000000706400000, 0x0000000706500000|  0%| F|  |TAMS 0x0000000706400000, 0x0000000706400000| Untracked 
|  33|0x0000000706500000, 0x0000000706500000, 0x0000000706600000|  0%| F|  |TAMS 0x0000000706500000, 0x0000000706500000| Untracked 
|  34|0x0000000706600000, 0x0000000706600000, 0x0000000706700000|  0%| F|  |TAMS 0x0000000706600000, 0x0000000706600000| Untracked 
|  35|0x0000000706700000, 0x0000000706700000, 0x0000000706800000|  0%| F|  |TAMS 0x0000000706700000, 0x0000000706700000| Untracked 
|  36|0x0000000706800000, 0x0000000706800000, 0x0000000706900000|  0%| F|  |TAMS 0x0000000706800000, 0x0000000706800000| Untracked 
|  37|0x0000000706900000, 0x0000000706900000, 0x0000000706a00000|  0%| F|  |TAMS 0x0000000706900000, 0x0000000706900000| Untracked 
|  38|0x0000000706a00000, 0x0000000706a00000, 0x0000000706b00000|  0%| F|  |TAMS 0x0000000706a00000, 0x0000000706a00000| Untracked 
|  39|0x0000000706b00000, 0x0000000706b00000, 0x0000000706c00000|  0%| F|  |TAMS 0x0000000706b00000, 0x0000000706b00000| Untracked 
|  40|0x0000000706c00000, 0x0000000706c00000, 0x0000000706d00000|  0%| F|  |TAMS 0x0000000706c00000, 0x0000000706c00000| Untracked 
|  41|0x0000000706d00000, 0x0000000706d00000, 0x0000000706e00000|  0%| F|  |TAMS 0x0000000706d00000, 0x0000000706d00000| Untracked 
|  42|0x0000000706e00000, 0x0000000706e00000, 0x0000000706f00000|  0%| F|  |TAMS 0x0000000706e00000, 0x0000000706e00000| Untracked 
|  43|0x0000000706f00000, 0x0000000706f00000, 0x0000000707000000|  0%| F|  |TAMS 0x0000000706f00000, 0x0000000706f00000| Untracked 
|  44|0x0000000707000000, 0x0000000707000000, 0x0000000707100000|  0%| F|  |TAMS 0x0000000707000000, 0x0000000707000000| Untracked 
|  45|0x0000000707100000, 0x0000000707100000, 0x0000000707200000|  0%| F|  |TAMS 0x0000000707100000, 0x0000000707100000| Untracked 
|  46|0x0000000707200000, 0x0000000707200000, 0x0000000707300000|  0%| F|  |TAMS 0x0000000707200000, 0x0000000707200000| Untracked 
|  47|0x0000000707300000, 0x0000000707300000, 0x0000000707400000|  0%| F|  |TAMS 0x0000000707300000, 0x0000000707300000| Untracked 
|  48|0x0000000707400000, 0x0000000707400000, 0x0000000707500000|  0%| F|  |TAMS 0x0000000707400000, 0x0000000707400000| Untracked 
|  49|0x0000000707500000, 0x0000000707500000, 0x0000000707600000|  0%| F|  |TAMS 0x0000000707500000, 0x0000000707500000| Untracked 
|  50|0x0000000707600000, 0x0000000707600000, 0x0000000707700000|  0%| F|  |TAMS 0x0000000707600000, 0x0000000707600000| Untracked 
|  51|0x0000000707700000, 0x0000000707700000, 0x0000000707800000|  0%| F|  |TAMS 0x0000000707700000, 0x0000000707700000| Untracked 
|  52|0x0000000707800000, 0x0000000707800000, 0x0000000707900000|  0%| F|  |TAMS 0x0000000707800000, 0x0000000707800000| Untracked 
|  53|0x0000000707900000, 0x0000000707900000, 0x0000000707a00000|  0%| F|  |TAMS 0x0000000707900000, 0x0000000707900000| Untracked 
|  54|0x0000000707a00000, 0x0000000707a00000, 0x0000000707b00000|  0%| F|  |TAMS 0x0000000707a00000, 0x0000000707a00000| Untracked 
|  55|0x0000000707b00000, 0x0000000707b00000, 0x0000000707c00000|  0%| F|  |TAMS 0x0000000707b00000, 0x0000000707b00000| Untracked 
|  56|0x0000000707c00000, 0x0000000707c00000, 0x0000000707d00000|  0%| F|  |TAMS 0x0000000707c00000, 0x0000000707c00000| Untracked 
|  57|0x0000000707d00000, 0x0000000707d00000, 0x0000000707e00000|  0%| F|  |TAMS 0x0000000707d00000, 0x0000000707d00000| Untracked 
|  58|0x0000000707e00000, 0x0000000707e00000, 0x0000000707f00000|  0%| F|  |TAMS 0x0000000707e00000, 0x0000000707e00000| Untracked 
|  59|0x0000000707f00000, 0x0000000707f00000, 0x0000000708000000|  0%| F|  |TAMS 0x0000000707f00000, 0x0000000707f00000| Untracked 
|  60|0x0000000708000000, 0x0000000708000000, 0x0000000708100000|  0%| F|  |TAMS 0x0000000708000000, 0x0000000708000000| Untracked 
|  61|0x0000000708100000, 0x0000000708100000, 0x0000000708200000|  0%| F|  |TAMS 0x0000000708100000, 0x0000000708100000| Untracked 
|  62|0x0000000708200000, 0x0000000708200000, 0x0000000708300000|  0%| F|  |TAMS 0x0000000708200000, 0x0000000708200000| Untracked 
|  63|0x0000000708300000, 0x0000000708300000, 0x0000000708400000|  0%| F|  |TAMS 0x0000000708300000, 0x0000000708300000| Untracked 
|  64|0x0000000708400000, 0x0000000708400000, 0x0000000708500000|  0%| F|  |TAMS 0x0000000708400000, 0x0000000708400000| Untracked 
|  65|0x0000000708500000, 0x0000000708500000, 0x0000000708600000|  0%| F|  |TAMS 0x0000000708500000, 0x0000000708500000| Untracked 
|  66|0x0000000708600000, 0x0000000708600000, 0x0000000708700000|  0%| F|  |TAMS 0x0000000708600000, 0x0000000708600000| Untracked 
|  67|0x0000000708700000, 0x0000000708700000, 0x0000000708800000|  0%| F|  |TAMS 0x0000000708700000, 0x0000000708700000| Untracked 
|  68|0x0000000708800000, 0x0000000708800000, 0x0000000708900000|  0%| F|  |TAMS 0x0000000708800000, 0x0000000708800000| Untracked 
|  69|0x0000000708900000, 0x0000000708900000, 0x0000000708a00000|  0%| F|  |TAMS 0x0000000708900000, 0x0000000708900000| Untracked 
|  70|0x0000000708a00000, 0x0000000708a00000, 0x0000000708b00000|  0%| F|  |TAMS 0x0000000708a00000, 0x0000000708a00000| Untracked 
|  71|0x0000000708b00000, 0x0000000708b00000, 0x0000000708c00000|  0%| F|  |TAMS 0x0000000708b00000, 0x0000000708b00000| Untracked 
|  72|0x0000000708c00000, 0x0000000708c00000, 0x0000000708d00000|  0%| F|  |TAMS 0x0000000708c00000, 0x0000000708c00000| Untracked 
|  73|0x0000000708d00000, 0x0000000708d00000, 0x0000000708e00000|  0%| F|  |TAMS 0x0000000708d00000, 0x0000000708d00000| Untracked 
|  74|0x0000000708e00000, 0x0000000708e00000, 0x0000000708f00000|  0%| F|  |TAMS 0x0000000708e00000, 0x0000000708e00000| Untracked 
|  75|0x0000000708f00000, 0x0000000708f00000, 0x0000000709000000|  0%| F|  |TAMS 0x0000000708f00000, 0x0000000708f00000| Untracked 
|  76|0x0000000709000000, 0x0000000709000000, 0x0000000709100000|  0%| F|  |TAMS 0x0000000709000000, 0x0000000709000000| Untracked 
|  77|0x0000000709100000, 0x0000000709100000, 0x0000000709200000|  0%| F|  |TAMS 0x0000000709100000, 0x0000000709100000| Untracked 
|  78|0x0000000709200000, 0x0000000709200000, 0x0000000709300000|  0%| F|  |TAMS 0x0000000709200000, 0x0000000709200000| Untracked 
|  79|0x0000000709300000, 0x0000000709300000, 0x0000000709400000|  0%| F|  |TAMS 0x0000000709300000, 0x0000000709300000| Untracked 
|  80|0x0000000709400000, 0x0000000709400000, 0x0000000709500000|  0%| F|  |TAMS 0x0000000709400000, 0x0000000709400000| Untracked 
|  81|0x0000000709500000, 0x0000000709500000, 0x0000000709600000|  0%| F|  |TAMS 0x0000000709500000, 0x0000000709500000| Untracked 
|  82|0x0000000709600000, 0x0000000709600000, 0x0000000709700000|  0%| F|  |TAMS 0x0000000709600000, 0x0000000709600000| Untracked 
|  83|0x0000000709700000, 0x0000000709700000, 0x0000000709800000|  0%| F|  |TAMS 0x0000000709700000, 0x0000000709700000| Untracked 
|  84|0x0000000709800000, 0x0000000709800000, 0x0000000709900000|  0%| F|  |TAMS 0x0000000709800000, 0x0000000709800000| Untracked 
|  85|0x0000000709900000, 0x0000000709900000, 0x0000000709a00000|  0%| F|  |TAMS 0x0000000709900000, 0x0000000709900000| Untracked 
|  86|0x0000000709a00000, 0x0000000709a00000, 0x0000000709b00000|  0%| F|  |TAMS 0x0000000709a00000, 0x0000000709a00000| Untracked 
|  87|0x0000000709b00000, 0x0000000709b00000, 0x0000000709c00000|  0%| F|  |TAMS 0x0000000709b00000, 0x0000000709b00000| Untracked 
|  88|0x0000000709c00000, 0x0000000709c00000, 0x0000000709d00000|  0%| F|  |TAMS 0x0000000709c00000, 0x0000000709c00000| Untracked 
|  89|0x0000000709d00000, 0x0000000709d00000, 0x0000000709e00000|  0%| F|  |TAMS 0x0000000709d00000, 0x0000000709d00000| Untracked 
|  90|0x0000000709e00000, 0x0000000709e00000, 0x0000000709f00000|  0%| F|  |TAMS 0x0000000709e00000, 0x0000000709e00000| Untracked 
|  91|0x0000000709f00000, 0x0000000709f00000, 0x000000070a000000|  0%| F|  |TAMS 0x0000000709f00000, 0x0000000709f00000| Untracked 
|  92|0x000000070a000000, 0x000000070a000000, 0x000000070a100000|  0%| F|  |TAMS 0x000000070a000000, 0x000000070a000000| Untracked 
|  93|0x000000070a100000, 0x000000070a100000, 0x000000070a200000|  0%| F|  |TAMS 0x000000070a100000, 0x000000070a100000| Untracked 
|  94|0x000000070a200000, 0x000000070a200000, 0x000000070a300000|  0%| F|  |TAMS 0x000000070a200000, 0x000000070a200000| Untracked 
|  95|0x000000070a300000, 0x000000070a300000, 0x000000070a400000|  0%| F|  |TAMS 0x000000070a300000, 0x000000070a300000| Untracked 
|  96|0x000000070a400000, 0x000000070a400000, 0x000000070a500000|  0%| F|  |TAMS 0x000000070a400000, 0x000000070a400000| Untracked 
|  97|0x000000070a500000, 0x000000070a500000, 0x000000070a600000|  0%| F|  |TAMS 0x000000070a500000, 0x000000070a500000| Untracked 
|  98|0x000000070a600000, 0x000000070a600000, 0x000000070a700000|  0%| F|  |TAMS 0x000000070a600000, 0x000000070a600000| Untracked 
|  99|0x000000070a700000, 0x000000070a700000, 0x000000070a800000|  0%| F|  |TAMS 0x000000070a700000, 0x000000070a700000| Untracked 
| 100|0x000000070a800000, 0x000000070a800000, 0x000000070a900000|  0%| F|  |TAMS 0x000000070a800000, 0x000000070a800000| Untracked 
| 101|0x000000070a900000, 0x000000070a900000, 0x000000070aa00000|  0%| F|  |TAMS 0x000000070a900000, 0x000000070a900000| Untracked 
| 102|0x000000070aa00000, 0x000000070aa00000, 0x000000070ab00000|  0%| F|  |TAMS 0x000000070aa00000, 0x000000070aa00000| Untracked 
| 103|0x000000070ab00000, 0x000000070ab00000, 0x000000070ac00000|  0%| F|  |TAMS 0x000000070ab00000, 0x000000070ab00000| Untracked 
| 104|0x000000070ac00000, 0x000000070ac00000, 0x000000070ad00000|  0%| F|  |TAMS 0x000000070ac00000, 0x000000070ac00000| Untracked 
| 105|0x000000070ad00000, 0x000000070ad00000, 0x000000070ae00000|  0%| F|  |TAMS 0x000000070ad00000, 0x000000070ad00000| Untracked 
| 106|0x000000070ae00000, 0x000000070ae00000, 0x000000070af00000|  0%| F|  |TAMS 0x000000070ae00000, 0x000000070ae00000| Untracked 
| 107|0x000000070af00000, 0x000000070af00000, 0x000000070b000000|  0%| F|  |TAMS 0x000000070af00000, 0x000000070af00000| Untracked 
| 108|0x000000070b000000, 0x000000070b000000, 0x000000070b100000|  0%| F|  |TAMS 0x000000070b000000, 0x000000070b000000| Untracked 
| 109|0x000000070b100000, 0x000000070b100000, 0x000000070b200000|  0%| F|  |TAMS 0x000000070b100000, 0x000000070b100000| Untracked 
| 110|0x000000070b200000, 0x000000070b200000, 0x000000070b300000|  0%| F|  |TAMS 0x000000070b200000, 0x000000070b200000| Untracked 
| 111|0x000000070b300000, 0x000000070b300000, 0x000000070b400000|  0%| F|  |TAMS 0x000000070b300000, 0x000000070b300000| Untracked 
| 112|0x000000070b400000, 0x000000070b400000, 0x000000070b500000|  0%| F|  |TAMS 0x000000070b400000, 0x000000070b400000| Untracked 
| 113|0x000000070b500000, 0x000000070b500000, 0x000000070b600000|  0%| F|  |TAMS 0x000000070b500000, 0x000000070b500000| Untracked 
| 114|0x000000070b600000, 0x000000070b66d300, 0x000000070b700000| 42%| S|CS|TAMS 0x000000070b600000, 0x000000070b600000| Complete 
| 115|0x000000070b700000, 0x000000070b800000, 0x000000070b800000|100%| S|CS|TAMS 0x000000070b700000, 0x000000070b700000| Complete 
| 116|0x000000070b800000, 0x000000070b900000, 0x000000070b900000|100%| S|CS|TAMS 0x000000070b800000, 0x000000070b800000| Complete 
| 117|0x000000070b900000, 0x000000070ba00000, 0x000000070ba00000|100%| S|CS|TAMS 0x000000070b900000, 0x000000070b900000| Complete 
| 118|0x000000070ba00000, 0x000000070bb00000, 0x000000070bb00000|100%| S|CS|TAMS 0x000000070ba00000, 0x000000070ba00000| Complete 
| 119|0x000000070bb00000, 0x000000070bc00000, 0x000000070bc00000|100%| S|CS|TAMS 0x000000070bb00000, 0x000000070bb00000| Complete 
| 120|0x000000070bc00000, 0x000000070bd00000, 0x000000070bd00000|100%| S|CS|TAMS 0x000000070bc00000, 0x000000070bc00000| Complete 
| 121|0x000000070bd00000, 0x000000070be00000, 0x000000070be00000|100%| S|CS|TAMS 0x000000070bd00000, 0x000000070bd00000| Complete 
| 122|0x000000070be00000, 0x000000070bf00000, 0x000000070bf00000|100%| S|CS|TAMS 0x000000070be00000, 0x000000070be00000| Complete 
| 123|0x000000070bf00000, 0x000000070c000000, 0x000000070c000000|100%| S|CS|TAMS 0x000000070bf00000, 0x000000070bf00000| Complete 
| 124|0x000000070c000000, 0x000000070c100000, 0x000000070c100000|100%| S|CS|TAMS 0x000000070c000000, 0x000000070c000000| Complete 
| 125|0x000000070c100000, 0x000000070c200000, 0x000000070c200000|100%| S|CS|TAMS 0x000000070c100000, 0x000000070c100000| Complete 
| 126|0x000000070c200000, 0x000000070c300000, 0x000000070c300000|100%| S|CS|TAMS 0x000000070c200000, 0x000000070c200000| Complete 
| 127|0x000000070c300000, 0x000000070c400000, 0x000000070c400000|100%| S|CS|TAMS 0x000000070c300000, 0x000000070c300000| Complete 
| 128|0x000000070c400000, 0x000000070c500000, 0x000000070c500000|100%| S|CS|TAMS 0x000000070c400000, 0x000000070c400000| Complete 
| 129|0x000000070c500000, 0x000000070c500000, 0x000000070c600000|  0%| F|  |TAMS 0x000000070c500000, 0x000000070c500000| Untracked 
| 130|0x000000070c600000, 0x000000070c600000, 0x000000070c700000|  0%| F|  |TAMS 0x000000070c600000, 0x000000070c600000| Untracked 
| 131|0x000000070c700000, 0x000000070c700000, 0x000000070c800000|  0%| F|  |TAMS 0x000000070c700000, 0x000000070c700000| Untracked 
| 132|0x000000070c800000, 0x000000070c800000, 0x000000070c900000|  0%| F|  |TAMS 0x000000070c800000, 0x000000070c800000| Untracked 
| 133|0x000000070c900000, 0x000000070c900000, 0x000000070ca00000|  0%| F|  |TAMS 0x000000070c900000, 0x000000070c900000| Untracked 
| 134|0x000000070ca00000, 0x000000070ca00000, 0x000000070cb00000|  0%| F|  |TAMS 0x000000070ca00000, 0x000000070ca00000| Untracked 
| 135|0x000000070cb00000, 0x000000070cb00000, 0x000000070cc00000|  0%| F|  |TAMS 0x000000070cb00000, 0x000000070cb00000| Untracked 
| 136|0x000000070cc00000, 0x000000070cc00000, 0x000000070cd00000|  0%| F|  |TAMS 0x000000070cc00000, 0x000000070cc00000| Untracked 
| 137|0x000000070cd00000, 0x000000070cd00000, 0x000000070ce00000|  0%| F|  |TAMS 0x000000070cd00000, 0x000000070cd00000| Untracked 
| 138|0x000000070ce00000, 0x000000070ce00000, 0x000000070cf00000|  0%| F|  |TAMS 0x000000070ce00000, 0x000000070ce00000| Untracked 
| 139|0x000000070cf00000, 0x000000070cf00000, 0x000000070d000000|  0%| F|  |TAMS 0x000000070cf00000, 0x000000070cf00000| Untracked 
| 140|0x000000070d000000, 0x000000070d000000, 0x000000070d100000|  0%| F|  |TAMS 0x000000070d000000, 0x000000070d000000| Untracked 
| 141|0x000000070d100000, 0x000000070d100000, 0x000000070d200000|  0%| F|  |TAMS 0x000000070d100000, 0x000000070d100000| Untracked 
| 142|0x000000070d200000, 0x000000070d200000, 0x000000070d300000|  0%| F|  |TAMS 0x000000070d200000, 0x000000070d200000| Untracked 
| 143|0x000000070d300000, 0x000000070d300000, 0x000000070d400000|  0%| F|  |TAMS 0x000000070d300000, 0x000000070d300000| Untracked 
| 144|0x000000070d400000, 0x000000070d400000, 0x000000070d500000|  0%| F|  |TAMS 0x000000070d400000, 0x000000070d400000| Untracked 
| 145|0x000000070d500000, 0x000000070d500000, 0x000000070d600000|  0%| F|  |TAMS 0x000000070d500000, 0x000000070d500000| Untracked 
| 146|0x000000070d600000, 0x000000070d600000, 0x000000070d700000|  0%| F|  |TAMS 0x000000070d600000, 0x000000070d600000| Untracked 
| 147|0x000000070d700000, 0x000000070d700000, 0x000000070d800000|  0%| F|  |TAMS 0x000000070d700000, 0x000000070d700000| Untracked 
| 148|0x000000070d800000, 0x000000070d800000, 0x000000070d900000|  0%| F|  |TAMS 0x000000070d800000, 0x000000070d800000| Untracked 
| 149|0x000000070d900000, 0x000000070d900000, 0x000000070da00000|  0%| F|  |TAMS 0x000000070d900000, 0x000000070d900000| Untracked 
| 150|0x000000070da00000, 0x000000070da00000, 0x000000070db00000|  0%| F|  |TAMS 0x000000070da00000, 0x000000070da00000| Untracked 
| 151|0x000000070db00000, 0x000000070db00000, 0x000000070dc00000|  0%| F|  |TAMS 0x000000070db00000, 0x000000070db00000| Untracked 
| 152|0x000000070dc00000, 0x000000070dc00000, 0x000000070dd00000|  0%| F|  |TAMS 0x000000070dc00000, 0x000000070dc00000| Untracked 
| 153|0x000000070dd00000, 0x000000070dd00000, 0x000000070de00000|  0%| F|  |TAMS 0x000000070dd00000, 0x000000070dd00000| Untracked 
| 154|0x000000070de00000, 0x000000070de00000, 0x000000070df00000|  0%| F|  |TAMS 0x000000070de00000, 0x000000070de00000| Untracked 
| 155|0x000000070df00000, 0x000000070df00000, 0x000000070e000000|  0%| F|  |TAMS 0x000000070df00000, 0x000000070df00000| Untracked 
| 156|0x000000070e000000, 0x000000070e000000, 0x000000070e100000|  0%| F|  |TAMS 0x000000070e000000, 0x000000070e000000| Untracked 
| 157|0x000000070e100000, 0x000000070e100000, 0x000000070e200000|  0%| F|  |TAMS 0x000000070e100000, 0x000000070e100000| Untracked 
| 158|0x000000070e200000, 0x000000070e200000, 0x000000070e300000|  0%| F|  |TAMS 0x000000070e200000, 0x000000070e200000| Untracked 
| 159|0x000000070e300000, 0x000000070e300000, 0x000000070e400000|  0%| F|  |TAMS 0x000000070e300000, 0x000000070e300000| Untracked 
| 160|0x000000070e400000, 0x000000070e400000, 0x000000070e500000|  0%| F|  |TAMS 0x000000070e400000, 0x000000070e400000| Untracked 
| 161|0x000000070e500000, 0x000000070e500000, 0x000000070e600000|  0%| F|  |TAMS 0x000000070e500000, 0x000000070e500000| Untracked 
| 162|0x000000070e600000, 0x000000070e600000, 0x000000070e700000|  0%| F|  |TAMS 0x000000070e600000, 0x000000070e600000| Untracked 
| 163|0x000000070e700000, 0x000000070e700000, 0x000000070e800000|  0%| F|  |TAMS 0x000000070e700000, 0x000000070e700000| Untracked 
| 164|0x000000070e800000, 0x000000070e800000, 0x000000070e900000|  0%| F|  |TAMS 0x000000070e800000, 0x000000070e800000| Untracked 
| 165|0x000000070e900000, 0x000000070e900000, 0x000000070ea00000|  0%| F|  |TAMS 0x000000070e900000, 0x000000070e900000| Untracked 
| 166|0x000000070ea00000, 0x000000070ea00000, 0x000000070eb00000|  0%| F|  |TAMS 0x000000070ea00000, 0x000000070ea00000| Untracked 
| 167|0x000000070eb00000, 0x000000070eb00000, 0x000000070ec00000|  0%| F|  |TAMS 0x000000070eb00000, 0x000000070eb00000| Untracked 
| 168|0x000000070ec00000, 0x000000070ec00000, 0x000000070ed00000|  0%| F|  |TAMS 0x000000070ec00000, 0x000000070ec00000| Untracked 
| 169|0x000000070ed00000, 0x000000070ed00000, 0x000000070ee00000|  0%| F|  |TAMS 0x000000070ed00000, 0x000000070ed00000| Untracked 
| 170|0x000000070ee00000, 0x000000070ee00000, 0x000000070ef00000|  0%| F|  |TAMS 0x000000070ee00000, 0x000000070ee00000| Untracked 
| 171|0x000000070ef00000, 0x000000070ef00000, 0x000000070f000000|  0%| F|  |TAMS 0x000000070ef00000, 0x000000070ef00000| Untracked 
| 172|0x000000070f000000, 0x000000070f000000, 0x000000070f100000|  0%| F|  |TAMS 0x000000070f000000, 0x000000070f000000| Untracked 
| 173|0x000000070f100000, 0x000000070f100000, 0x000000070f200000|  0%| F|  |TAMS 0x000000070f100000, 0x000000070f100000| Untracked 
| 174|0x000000070f200000, 0x000000070f200000, 0x000000070f300000|  0%| F|  |TAMS 0x000000070f200000, 0x000000070f200000| Untracked 
| 175|0x000000070f300000, 0x000000070f300000, 0x000000070f400000|  0%| F|  |TAMS 0x000000070f300000, 0x000000070f300000| Untracked 
| 176|0x000000070f400000, 0x000000070f400000, 0x000000070f500000|  0%| F|  |TAMS 0x000000070f400000, 0x000000070f400000| Untracked 
| 177|0x000000070f500000, 0x000000070f500000, 0x000000070f600000|  0%| F|  |TAMS 0x000000070f500000, 0x000000070f500000| Untracked 
| 178|0x000000070f600000, 0x000000070f600000, 0x000000070f700000|  0%| F|  |TAMS 0x000000070f600000, 0x000000070f600000| Untracked 
| 179|0x000000070f700000, 0x000000070f700000, 0x000000070f800000|  0%| F|  |TAMS 0x000000070f700000, 0x000000070f700000| Untracked 
| 180|0x000000070f800000, 0x000000070f800000, 0x000000070f900000|  0%| F|  |TAMS 0x000000070f800000, 0x000000070f800000| Untracked 
| 181|0x000000070f900000, 0x000000070f900000, 0x000000070fa00000|  0%| F|  |TAMS 0x000000070f900000, 0x000000070f900000| Untracked 
| 182|0x000000070fa00000, 0x000000070fa00000, 0x000000070fb00000|  0%| F|  |TAMS 0x000000070fa00000, 0x000000070fa00000| Untracked 
| 183|0x000000070fb00000, 0x000000070fb00000, 0x000000070fc00000|  0%| F|  |TAMS 0x000000070fb00000, 0x000000070fb00000| Untracked 
| 184|0x000000070fc00000, 0x000000070fc00000, 0x000000070fd00000|  0%| F|  |TAMS 0x000000070fc00000, 0x000000070fc00000| Untracked 
| 185|0x000000070fd00000, 0x000000070fd00000, 0x000000070fe00000|  0%| F|  |TAMS 0x000000070fd00000, 0x000000070fd00000| Untracked 
| 186|0x000000070fe00000, 0x000000070fe00000, 0x000000070ff00000|  0%| F|  |TAMS 0x000000070fe00000, 0x000000070fe00000| Untracked 
| 187|0x000000070ff00000, 0x000000070ff00000, 0x0000000710000000|  0%| F|  |TAMS 0x000000070ff00000, 0x000000070ff00000| Untracked 
| 188|0x0000000710000000, 0x0000000710000000, 0x0000000710100000|  0%| F|  |TAMS 0x0000000710000000, 0x0000000710000000| Untracked 
| 189|0x0000000710100000, 0x0000000710100000, 0x0000000710200000|  0%| F|  |TAMS 0x0000000710100000, 0x0000000710100000| Untracked 
| 190|0x0000000710200000, 0x0000000710200000, 0x0000000710300000|  0%| F|  |TAMS 0x0000000710200000, 0x0000000710200000| Untracked 
| 191|0x0000000710300000, 0x0000000710300000, 0x0000000710400000|  0%| F|  |TAMS 0x0000000710300000, 0x0000000710300000| Untracked 
| 192|0x0000000710400000, 0x0000000710400000, 0x0000000710500000|  0%| F|  |TAMS 0x0000000710400000, 0x0000000710400000| Untracked 
| 193|0x0000000710500000, 0x0000000710500000, 0x0000000710600000|  0%| F|  |TAMS 0x0000000710500000, 0x0000000710500000| Untracked 
| 194|0x0000000710600000, 0x0000000710600000, 0x0000000710700000|  0%| F|  |TAMS 0x0000000710600000, 0x0000000710600000| Untracked 
| 195|0x0000000710700000, 0x0000000710700000, 0x0000000710800000|  0%| F|  |TAMS 0x0000000710700000, 0x0000000710700000| Untracked 
| 196|0x0000000710800000, 0x0000000710800000, 0x0000000710900000|  0%| F|  |TAMS 0x0000000710800000, 0x0000000710800000| Untracked 
| 197|0x0000000710900000, 0x0000000710900000, 0x0000000710a00000|  0%| F|  |TAMS 0x0000000710900000, 0x0000000710900000| Untracked 
| 198|0x0000000710a00000, 0x0000000710a00000, 0x0000000710b00000|  0%| F|  |TAMS 0x0000000710a00000, 0x0000000710a00000| Untracked 
| 199|0x0000000710b00000, 0x0000000710b00000, 0x0000000710c00000|  0%| F|  |TAMS 0x0000000710b00000, 0x0000000710b00000| Untracked 
| 200|0x0000000710c00000, 0x0000000710c00000, 0x0000000710d00000|  0%| F|  |TAMS 0x0000000710c00000, 0x0000000710c00000| Untracked 
| 201|0x0000000710d00000, 0x0000000710d00000, 0x0000000710e00000|  0%| F|  |TAMS 0x0000000710d00000, 0x0000000710d00000| Untracked 
| 202|0x0000000710e00000, 0x0000000710e00000, 0x0000000710f00000|  0%| F|  |TAMS 0x0000000710e00000, 0x0000000710e00000| Untracked 
| 203|0x0000000710f00000, 0x0000000710f00000, 0x0000000711000000|  0%| F|  |TAMS 0x0000000710f00000, 0x0000000710f00000| Untracked 
| 204|0x0000000711000000, 0x0000000711000000, 0x0000000711100000|  0%| F|  |TAMS 0x0000000711000000, 0x0000000711000000| Untracked 
| 205|0x0000000711100000, 0x0000000711100000, 0x0000000711200000|  0%| F|  |TAMS 0x0000000711100000, 0x0000000711100000| Untracked 
| 206|0x0000000711200000, 0x0000000711200000, 0x0000000711300000|  0%| F|  |TAMS 0x0000000711200000, 0x0000000711200000| Untracked 
| 207|0x0000000711300000, 0x0000000711300000, 0x0000000711400000|  0%| F|  |TAMS 0x0000000711300000, 0x0000000711300000| Untracked 
| 208|0x0000000711400000, 0x0000000711400000, 0x0000000711500000|  0%| F|  |TAMS 0x0000000711400000, 0x0000000711400000| Untracked 
| 209|0x0000000711500000, 0x0000000711500000, 0x0000000711600000|  0%| F|  |TAMS 0x0000000711500000, 0x0000000711500000| Untracked 
| 210|0x0000000711600000, 0x0000000711600000, 0x0000000711700000|  0%| F|  |TAMS 0x0000000711600000, 0x0000000711600000| Untracked 
| 211|0x0000000711700000, 0x0000000711700000, 0x0000000711800000|  0%| F|  |TAMS 0x0000000711700000, 0x0000000711700000| Untracked 
| 212|0x0000000711800000, 0x0000000711800000, 0x0000000711900000|  0%| F|  |TAMS 0x0000000711800000, 0x0000000711800000| Untracked 
| 213|0x0000000711900000, 0x0000000711900000, 0x0000000711a00000|  0%| F|  |TAMS 0x0000000711900000, 0x0000000711900000| Untracked 
| 214|0x0000000711a00000, 0x0000000711a00000, 0x0000000711b00000|  0%| F|  |TAMS 0x0000000711a00000, 0x0000000711a00000| Untracked 
| 215|0x0000000711b00000, 0x0000000711b00000, 0x0000000711c00000|  0%| F|  |TAMS 0x0000000711b00000, 0x0000000711b00000| Untracked 
| 216|0x0000000711c00000, 0x0000000711c00000, 0x0000000711d00000|  0%| F|  |TAMS 0x0000000711c00000, 0x0000000711c00000| Untracked 
| 217|0x0000000711d00000, 0x0000000711d00000, 0x0000000711e00000|  0%| F|  |TAMS 0x0000000711d00000, 0x0000000711d00000| Untracked 
| 218|0x0000000711e00000, 0x0000000711e00000, 0x0000000711f00000|  0%| F|  |TAMS 0x0000000711e00000, 0x0000000711e00000| Untracked 
| 219|0x0000000711f00000, 0x0000000711f00000, 0x0000000712000000|  0%| F|  |TAMS 0x0000000711f00000, 0x0000000711f00000| Untracked 
| 220|0x0000000712000000, 0x0000000712000000, 0x0000000712100000|  0%| F|  |TAMS 0x0000000712000000, 0x0000000712000000| Untracked 
| 221|0x0000000712100000, 0x0000000712100000, 0x0000000712200000|  0%| F|  |TAMS 0x0000000712100000, 0x0000000712100000| Untracked 
| 222|0x0000000712200000, 0x0000000712200000, 0x0000000712300000|  0%| F|  |TAMS 0x0000000712200000, 0x0000000712200000| Untracked 
| 223|0x0000000712300000, 0x0000000712300000, 0x0000000712400000|  0%| F|  |TAMS 0x0000000712300000, 0x0000000712300000| Untracked 
| 224|0x0000000712400000, 0x0000000712400000, 0x0000000712500000|  0%| F|  |TAMS 0x0000000712400000, 0x0000000712400000| Untracked 
| 225|0x0000000712500000, 0x0000000712500000, 0x0000000712600000|  0%| F|  |TAMS 0x0000000712500000, 0x0000000712500000| Untracked 
| 226|0x0000000712600000, 0x0000000712600000, 0x0000000712700000|  0%| F|  |TAMS 0x0000000712600000, 0x0000000712600000| Untracked 
| 227|0x0000000712700000, 0x0000000712700000, 0x0000000712800000|  0%| F|  |TAMS 0x0000000712700000, 0x0000000712700000| Untracked 
| 228|0x0000000712800000, 0x0000000712800000, 0x0000000712900000|  0%| F|  |TAMS 0x0000000712800000, 0x0000000712800000| Untracked 
| 229|0x0000000712900000, 0x0000000712900000, 0x0000000712a00000|  0%| F|  |TAMS 0x0000000712900000, 0x0000000712900000| Untracked 
| 230|0x0000000712a00000, 0x0000000712a00000, 0x0000000712b00000|  0%| F|  |TAMS 0x0000000712a00000, 0x0000000712a00000| Untracked 
| 231|0x0000000712b00000, 0x0000000712b00000, 0x0000000712c00000|  0%| F|  |TAMS 0x0000000712b00000, 0x0000000712b00000| Untracked 
| 232|0x0000000712c00000, 0x0000000712c00000, 0x0000000712d00000|  0%| F|  |TAMS 0x0000000712c00000, 0x0000000712c00000| Untracked 
| 233|0x0000000712d00000, 0x0000000712d00000, 0x0000000712e00000|  0%| F|  |TAMS 0x0000000712d00000, 0x0000000712d00000| Untracked 
| 234|0x0000000712e00000, 0x0000000712e00000, 0x0000000712f00000|  0%| F|  |TAMS 0x0000000712e00000, 0x0000000712e00000| Untracked 
| 235|0x0000000712f00000, 0x0000000712f00000, 0x0000000713000000|  0%| F|  |TAMS 0x0000000712f00000, 0x0000000712f00000| Untracked 
| 236|0x0000000713000000, 0x0000000713000000, 0x0000000713100000|  0%| F|  |TAMS 0x0000000713000000, 0x0000000713000000| Untracked 
| 237|0x0000000713100000, 0x0000000713100000, 0x0000000713200000|  0%| F|  |TAMS 0x0000000713100000, 0x0000000713100000| Untracked 
| 238|0x0000000713200000, 0x0000000713200000, 0x0000000713300000|  0%| F|  |TAMS 0x0000000713200000, 0x0000000713200000| Untracked 
| 239|0x0000000713300000, 0x0000000713300000, 0x0000000713400000|  0%| F|  |TAMS 0x0000000713300000, 0x0000000713300000| Untracked 
| 240|0x0000000713400000, 0x0000000713400000, 0x0000000713500000|  0%| F|  |TAMS 0x0000000713400000, 0x0000000713400000| Untracked 
| 241|0x0000000713500000, 0x0000000713500000, 0x0000000713600000|  0%| F|  |TAMS 0x0000000713500000, 0x0000000713500000| Untracked 
| 242|0x0000000713600000, 0x0000000713600000, 0x0000000713700000|  0%| F|  |TAMS 0x0000000713600000, 0x0000000713600000| Untracked 
| 243|0x0000000713700000, 0x0000000713700000, 0x0000000713800000|  0%| F|  |TAMS 0x0000000713700000, 0x0000000713700000| Untracked 
| 244|0x0000000713800000, 0x0000000713800000, 0x0000000713900000|  0%| F|  |TAMS 0x0000000713800000, 0x0000000713800000| Untracked 
| 245|0x0000000713900000, 0x0000000713900000, 0x0000000713a00000|  0%| F|  |TAMS 0x0000000713900000, 0x0000000713900000| Untracked 
| 246|0x0000000713a00000, 0x0000000713a00000, 0x0000000713b00000|  0%| F|  |TAMS 0x0000000713a00000, 0x0000000713a00000| Untracked 
| 247|0x0000000713b00000, 0x0000000713b00000, 0x0000000713c00000|  0%| F|  |TAMS 0x0000000713b00000, 0x0000000713b00000| Untracked 
| 248|0x0000000713c00000, 0x0000000713c00000, 0x0000000713d00000|  0%| F|  |TAMS 0x0000000713c00000, 0x0000000713c00000| Untracked 
| 249|0x0000000713d00000, 0x0000000713d00000, 0x0000000713e00000|  0%| F|  |TAMS 0x0000000713d00000, 0x0000000713d00000| Untracked 
| 250|0x0000000713e00000, 0x0000000713e00000, 0x0000000713f00000|  0%| F|  |TAMS 0x0000000713e00000, 0x0000000713e00000| Untracked 
| 251|0x0000000713f00000, 0x0000000713f00000, 0x0000000714000000|  0%| F|  |TAMS 0x0000000713f00000, 0x0000000713f00000| Untracked 
| 252|0x0000000714000000, 0x0000000714000000, 0x0000000714100000|  0%| F|  |TAMS 0x0000000714000000, 0x0000000714000000| Untracked 
| 253|0x0000000714100000, 0x0000000714100000, 0x0000000714200000|  0%| F|  |TAMS 0x0000000714100000, 0x0000000714100000| Untracked 
| 254|0x0000000714200000, 0x0000000714200000, 0x0000000714300000|  0%| F|  |TAMS 0x0000000714200000, 0x0000000714200000| Untracked 
| 255|0x0000000714300000, 0x0000000714300000, 0x0000000714400000|  0%| F|  |TAMS 0x0000000714300000, 0x0000000714300000| Untracked 
| 256|0x0000000714400000, 0x0000000714400000, 0x0000000714500000|  0%| F|  |TAMS 0x0000000714400000, 0x0000000714400000| Untracked 
| 257|0x0000000714500000, 0x0000000714500000, 0x0000000714600000|  0%| F|  |TAMS 0x0000000714500000, 0x0000000714500000| Untracked 
| 258|0x0000000714600000, 0x0000000714600000, 0x0000000714700000|  0%| F|  |TAMS 0x0000000714600000, 0x0000000714600000| Untracked 
| 259|0x0000000714700000, 0x0000000714700000, 0x0000000714800000|  0%| F|  |TAMS 0x0000000714700000, 0x0000000714700000| Untracked 
| 260|0x0000000714800000, 0x0000000714800000, 0x0000000714900000|  0%| F|  |TAMS 0x0000000714800000, 0x0000000714800000| Untracked 
| 261|0x0000000714900000, 0x0000000714900000, 0x0000000714a00000|  0%| F|  |TAMS 0x0000000714900000, 0x0000000714900000| Untracked 
| 262|0x0000000714a00000, 0x0000000714a00000, 0x0000000714b00000|  0%| F|  |TAMS 0x0000000714a00000, 0x0000000714a00000| Untracked 
| 263|0x0000000714b00000, 0x0000000714b00000, 0x0000000714c00000|  0%| F|  |TAMS 0x0000000714b00000, 0x0000000714b00000| Untracked 
| 264|0x0000000714c00000, 0x0000000714c00000, 0x0000000714d00000|  0%| F|  |TAMS 0x0000000714c00000, 0x0000000714c00000| Untracked 
| 265|0x0000000714d00000, 0x0000000714d00000, 0x0000000714e00000|  0%| F|  |TAMS 0x0000000714d00000, 0x0000000714d00000| Untracked 
| 266|0x0000000714e00000, 0x0000000714e00000, 0x0000000714f00000|  0%| F|  |TAMS 0x0000000714e00000, 0x0000000714e00000| Untracked 
| 267|0x0000000714f00000, 0x0000000714f00000, 0x0000000715000000|  0%| F|  |TAMS 0x0000000714f00000, 0x0000000714f00000| Untracked 
| 268|0x0000000715000000, 0x0000000715000000, 0x0000000715100000|  0%| F|  |TAMS 0x0000000715000000, 0x0000000715000000| Untracked 
| 269|0x0000000715100000, 0x0000000715100000, 0x0000000715200000|  0%| F|  |TAMS 0x0000000715100000, 0x0000000715100000| Untracked 
| 270|0x0000000715200000, 0x0000000715200000, 0x0000000715300000|  0%| F|  |TAMS 0x0000000715200000, 0x0000000715200000| Untracked 
| 271|0x0000000715300000, 0x0000000715300000, 0x0000000715400000|  0%| F|  |TAMS 0x0000000715300000, 0x0000000715300000| Untracked 
| 272|0x0000000715400000, 0x0000000715400000, 0x0000000715500000|  0%| F|  |TAMS 0x0000000715400000, 0x0000000715400000| Untracked 
| 273|0x0000000715500000, 0x0000000715500000, 0x0000000715600000|  0%| F|  |TAMS 0x0000000715500000, 0x0000000715500000| Untracked 
| 274|0x0000000715600000, 0x0000000715600000, 0x0000000715700000|  0%| F|  |TAMS 0x0000000715600000, 0x0000000715600000| Untracked 
| 275|0x0000000715700000, 0x0000000715700000, 0x0000000715800000|  0%| F|  |TAMS 0x0000000715700000, 0x0000000715700000| Untracked 
| 276|0x0000000715800000, 0x0000000715800000, 0x0000000715900000|  0%| F|  |TAMS 0x0000000715800000, 0x0000000715800000| Untracked 
| 277|0x0000000715900000, 0x0000000715900000, 0x0000000715a00000|  0%| F|  |TAMS 0x0000000715900000, 0x0000000715900000| Untracked 
| 278|0x0000000715a00000, 0x0000000715a00000, 0x0000000715b00000|  0%| F|  |TAMS 0x0000000715a00000, 0x0000000715a00000| Untracked 
| 279|0x0000000715b00000, 0x0000000715b00000, 0x0000000715c00000|  0%| F|  |TAMS 0x0000000715b00000, 0x0000000715b00000| Untracked 
| 280|0x0000000715c00000, 0x0000000715c00000, 0x0000000715d00000|  0%| F|  |TAMS 0x0000000715c00000, 0x0000000715c00000| Untracked 
| 281|0x0000000715d00000, 0x0000000715d00000, 0x0000000715e00000|  0%| F|  |TAMS 0x0000000715d00000, 0x0000000715d00000| Untracked 
| 282|0x0000000715e00000, 0x0000000715e00000, 0x0000000715f00000|  0%| F|  |TAMS 0x0000000715e00000, 0x0000000715e00000| Untracked 
| 283|0x0000000715f00000, 0x0000000715f00000, 0x0000000716000000|  0%| F|  |TAMS 0x0000000715f00000, 0x0000000715f00000| Untracked 
| 284|0x0000000716000000, 0x0000000716000000, 0x0000000716100000|  0%| F|  |TAMS 0x0000000716000000, 0x0000000716000000| Untracked 
| 285|0x0000000716100000, 0x0000000716100000, 0x0000000716200000|  0%| F|  |TAMS 0x0000000716100000, 0x0000000716100000| Untracked 
| 286|0x0000000716200000, 0x0000000716200000, 0x0000000716300000|  0%| F|  |TAMS 0x0000000716200000, 0x0000000716200000| Untracked 
| 287|0x0000000716300000, 0x0000000716300000, 0x0000000716400000|  0%| F|  |TAMS 0x0000000716300000, 0x0000000716300000| Untracked 
| 288|0x0000000716400000, 0x0000000716472718, 0x0000000716500000| 44%| E|  |TAMS 0x0000000716400000, 0x0000000716400000| Complete 
| 289|0x0000000716500000, 0x0000000716600000, 0x0000000716600000|100%| E|CS|TAMS 0x0000000716500000, 0x0000000716500000| Complete 
| 290|0x0000000716600000, 0x0000000716700000, 0x0000000716700000|100%| E|CS|TAMS 0x0000000716600000, 0x0000000716600000| Complete 
| 291|0x0000000716700000, 0x0000000716800000, 0x0000000716800000|100%| E|CS|TAMS 0x0000000716700000, 0x0000000716700000| Complete 
| 292|0x0000000716800000, 0x0000000716900000, 0x0000000716900000|100%| E|CS|TAMS 0x0000000716800000, 0x0000000716800000| Complete 
| 293|0x0000000716900000, 0x0000000716a00000, 0x0000000716a00000|100%| E|CS|TAMS 0x0000000716900000, 0x0000000716900000| Complete 
| 294|0x0000000716a00000, 0x0000000716b00000, 0x0000000716b00000|100%| E|CS|TAMS 0x0000000716a00000, 0x0000000716a00000| Complete 
| 295|0x0000000716b00000, 0x0000000716c00000, 0x0000000716c00000|100%| E|CS|TAMS 0x0000000716b00000, 0x0000000716b00000| Complete 
| 296|0x0000000716c00000, 0x0000000716d00000, 0x0000000716d00000|100%| E|CS|TAMS 0x0000000716c00000, 0x0000000716c00000| Complete 
| 297|0x0000000716d00000, 0x0000000716e00000, 0x0000000716e00000|100%| E|CS|TAMS 0x0000000716d00000, 0x0000000716d00000| Complete 
| 298|0x0000000716e00000, 0x0000000716f00000, 0x0000000716f00000|100%| E|CS|TAMS 0x0000000716e00000, 0x0000000716e00000| Complete 
| 299|0x0000000716f00000, 0x0000000717000000, 0x0000000717000000|100%| E|CS|TAMS 0x0000000716f00000, 0x0000000716f00000| Complete 
| 300|0x0000000717000000, 0x0000000717100000, 0x0000000717100000|100%| E|CS|TAMS 0x0000000717000000, 0x0000000717000000| Complete 
| 301|0x0000000717100000, 0x0000000717200000, 0x0000000717200000|100%| E|CS|TAMS 0x0000000717100000, 0x0000000717100000| Complete 
| 302|0x0000000717200000, 0x0000000717300000, 0x0000000717300000|100%| E|CS|TAMS 0x0000000717200000, 0x0000000717200000| Complete 

Card table byte_map: [0x0000020dab6c0000,0x0000020dabea0000] _byte_map_base: 0x0000020da7e9e000

Marking Bits (Prev, Next): (CMBitMap*) 0x0000020d931295f0, (CMBitMap*) 0x0000020d931295b8
 Prev Bits: [0x0000020db0570000, 0x0000020db4460000)
 Next Bits: [0x0000020dac680000, 0x0000020db0570000)

Polling page: 0x0000020d90da0000

Metaspace:

Usage:
  Non-class:     55.79 MB capacity,    54.74 MB ( 98%) used,   871.88 KB (  2%) free+waste,   204.06 KB ( <1%) overhead. 
      Class:      8.34 MB capacity,     7.69 MB ( 92%) used,   572.22 KB (  7%) free+waste,    96.38 KB (  1%) overhead. 
       Both:     64.13 MB capacity,    62.43 MB ( 97%) used,     1.41 MB (  2%) free+waste,   300.44 KB ( <1%) overhead. 

Virtual space:
  Non-class space:       56.00 MB reserved,      55.92 MB (>99%) committed 
      Class space:        1.00 GB reserved,       8.38 MB ( <1%) committed 
             Both:        1.05 GB reserved,      64.30 MB (  6%) committed 

Chunk freelists:
   Non-Class:  768 bytes
       Class:  384 bytes
        Both:  1.13 KB

CodeHeap 'non-profiled nmethods': size=233856Kb used=16115Kb max_used=16115Kb free=217740Kb
 bounds [0x0000020d9bfd0000, 0x0000020d9cf90000, 0x0000020daa430000]
CodeHeap 'non-nmethods': size=11904Kb used=1693Kb max_used=1693Kb free=10210Kb
 bounds [0x0000020d9b430000, 0x0000020d9b6a0000, 0x0000020d9bfd0000]
 total_blobs=9311 nmethods=8534 adapters=675
 compilation: enabled
              stopped_count=0, restarted_count=0
 full_count=0

Compilation events (10 events):
Event: 2565.038 Thread 0x0000020db81ee000 8605       1       org.apache.catalina.webresources.Cache$EvictionOrder::<init> (5 bytes)
Event: 2565.038 Thread 0x0000020db81ee000 nmethod 8605 0x0000020d9cf8b090 code [0x0000020d9cf8b240, 0x0000020d9cf8b358]
Event: 2565.038 Thread 0x0000020db81ee000 8606       1       org.apache.catalina.webresources.Cache::evict (79 bytes)
Event: 2565.039 Thread 0x0000020db81ee000 nmethod 8606 0x0000020d9cf8b410 code [0x0000020d9cf8b600, 0x0000020d9cf8b9a0]
Event: 2565.039 Thread 0x0000020db81ee000 8607       1       org.apache.catalina.core.DefaultInstanceManager::backgroundProcess (8 bytes)
Event: 2565.040 Thread 0x0000020db81ee000 nmethod 8607 0x0000020d9cf8bc90 code [0x0000020d9cf8be40, 0x0000020d9cf8bf90]
Event: 2565.040 Thread 0x0000020db81ee000 8608       1       org.apache.tomcat.util.collections.ManagedConcurrentWeakHashMap::maintain (44 bytes)
Event: 2565.043 Thread 0x0000020db81ee000 nmethod 8608 0x0000020d9cf8c090 code [0x0000020d9cf8c280, 0x0000020d9cf8c6a0]
Event: 2645.620 Thread 0x0000020db81ee000 8609       1       org.springframework.context.event.AbstractApplicationEventMulticaster$ListenerCacheKey::hashCode (19 bytes)
Event: 2645.628 Thread 0x0000020db81ee000 nmethod 8609 0x0000020d9cf8c890 code [0x0000020d9cf8ca60, 0x0000020d9cf8cc20]

GC Heap History (10 events):
Event: 2.337 GC heap before
{Heap before GC invocations=7 (full 0):
 garbage-first heap   total 258048K, used 142393K [0x0000000704400000, 0x0000000800000000)
  region size 1024K, 131 young (134144K), 8 survivors (8192K)
 Metaspace       used 38988K, capacity 40074K, committed 40240K, reserved 1085440K
  class space    used 4809K, capacity 5245K, committed 5248K, reserved 1048576K
}
Event: 2.342 GC heap after
{Heap after GC invocations=8 (full 0):
 garbage-first heap   total 258048K, used 20659K [0x0000000704400000, 0x0000000800000000)
  region size 1024K, 12 young (12288K), 12 survivors (12288K)
 Metaspace       used 38988K, capacity 40074K, committed 40240K, reserved 1085440K
  class space    used 4809K, capacity 5245K, committed 5248K, reserved 1048576K
}
Event: 2.994 GC heap before
{Heap before GC invocations=8 (full 0):
 garbage-first heap   total 258048K, used 165043K [0x0000000704400000, 0x0000000800000000)
  region size 1024K, 147 young (150528K), 12 survivors (12288K)
 Metaspace       used 48992K, capacity 50281K, committed 50352K, reserved 1093632K
  class space    used 5909K, capacity 6397K, committed 6400K, reserved 1048576K
}
Event: 3.001 GC heap after
{Heap after GC invocations=9 (full 0):
 garbage-first heap   total 258048K, used 26211K [0x0000000704400000, 0x0000000800000000)
  region size 1024K, 16 young (16384K), 16 survivors (16384K)
 Metaspace       used 48992K, capacity 50281K, committed 50352K, reserved 1093632K
  class space    used 5909K, capacity 6397K, committed 6400K, reserved 1048576K
}
Event: 4.155 GC heap before
{Heap before GC invocations=9 (full 0):
 garbage-first heap   total 258048K, used 164451K [0x0000000704400000, 0x0000000800000000)
  region size 1024K, 151 young (154624K), 16 survivors (16384K)
 Metaspace       used 56854K, capacity 58479K, committed 58800K, reserved 1099776K
  class space    used 6968K, capacity 7604K, committed 7680K, reserved 1048576K
}
Event: 4.163 GC heap after
{Heap after GC invocations=10 (full 0):
 garbage-first heap   total 310272K, used 30848K [0x0000000704400000, 0x0000000800000000)
  region size 1024K, 15 young (15360K), 15 survivors (15360K)
 Metaspace       used 56854K, capacity 58479K, committed 58800K, reserved 1099776K
  class space    used 6968K, capacity 7604K, committed 7680K, reserved 1048576K
}
Event: 4.579 GC heap before
{Heap before GC invocations=10 (full 0):
 garbage-first heap   total 310272K, used 78976K [0x0000000704400000, 0x0000000800000000)
  region size 1024K, 64 young (65536K), 15 survivors (15360K)
 Metaspace       used 58327K, capacity 59976K, committed 60208K, reserved 1101824K
  class space    used 7147K, capacity 7781K, committed 7808K, reserved 1048576K
}
Event: 4.586 GC heap after
{Heap after GC invocations=11 (full 0):
 garbage-first heap   total 310272K, used 33778K [0x0000000704400000, 0x0000000800000000)
  region size 1024K, 14 young (14336K), 14 survivors (14336K)
 Metaspace       used 58327K, capacity 59976K, committed 60208K, reserved 1101824K
  class space    used 7147K, capacity 7781K, committed 7808K, reserved 1048576K
}
Event: 2482.234 GC heap before
{Heap before GC invocations=12 (full 0):
 garbage-first heap   total 310272K, used 196594K [0x0000000704400000, 0x0000000800000000)
  region size 1024K, 174 young (178176K), 14 survivors (14336K)
 Metaspace       used 63924K, capacity 65671K, committed 65840K, reserved 1105920K
  class space    used 7872K, capacity 8541K, committed 8576K, reserved 1048576K
}
Event: 2482.422 GC heap after
{Heap after GC invocations=13 (full 0):
 garbage-first heap   total 310272K, used 39821K [0x0000000704400000, 0x0000000800000000)
  region size 1024K, 15 young (15360K), 15 survivors (15360K)
 Metaspace       used 63924K, capacity 65671K, committed 65840K, reserved 1105920K
  class space    used 7872K, capacity 8541K, committed 8576K, reserved 1048576K
}

Deoptimization events (0 events):
No events

Classes redefined (0 events):
No events

Internal exceptions (10 events):
Event: 2634.538 Thread 0x0000020db9fa0800 Exception <a 'java/io/FileNotFoundException'{0x00000007168a9c88}> (0x00000007168a9c88) thrown at [t:/workspace/open/src/hotspot/share/prims/jni.cpp, line 615]
Event: 2634.538 Thread 0x0000020db9fa0800 Exception <a 'java/io/FileNotFoundException'{0x00000007168aa418}> (0x00000007168aa418) thrown at [t:/workspace/open/src/hotspot/share/prims/jni.cpp, line 615]
Event: 2644.555 Thread 0x0000020db9fa0800 Exception <a 'java/io/FileNotFoundException'{0x00000007168b16c8}> (0x00000007168b16c8) thrown at [t:/workspace/open/src/hotspot/share/prims/jni.cpp, line 615]
Event: 2644.556 Thread 0x0000020db9fa0800 Exception <a 'java/io/FileNotFoundException'{0x00000007168b1e58}> (0x00000007168b1e58) thrown at [t:/workspace/open/src/hotspot/share/prims/jni.cpp, line 615]
Event: 2654.563 Thread 0x0000020db9fa0800 Exception <a 'java/io/FileNotFoundException'{0x00000007168b9108}> (0x00000007168b9108) thrown at [t:/workspace/open/src/hotspot/share/prims/jni.cpp, line 615]
Event: 2654.563 Thread 0x0000020db9fa0800 Exception <a 'java/io/FileNotFoundException'{0x00000007168b9898}> (0x00000007168b9898) thrown at [t:/workspace/open/src/hotspot/share/prims/jni.cpp, line 615]
Event: 2664.578 Thread 0x0000020db9fa0800 Exception <a 'java/io/FileNotFoundException'{0x00000007168c0b48}> (0x00000007168c0b48) thrown at [t:/workspace/open/src/hotspot/share/prims/jni.cpp, line 615]
Event: 2664.578 Thread 0x0000020db9fa0800 Exception <a 'java/io/FileNotFoundException'{0x00000007168c12d8}> (0x00000007168c12d8) thrown at [t:/workspace/open/src/hotspot/share/prims/jni.cpp, line 615]
Event: 2674.595 Thread 0x0000020db9fa0800 Exception <a 'java/io/FileNotFoundException'{0x000000071642b788}> (0x000000071642b788) thrown at [t:/workspace/open/src/hotspot/share/prims/jni.cpp, line 615]
Event: 2674.595 Thread 0x0000020db9fa0800 Exception <a 'java/io/FileNotFoundException'{0x000000071642bf18}> (0x000000071642bf18) thrown at [t:/workspace/open/src/hotspot/share/prims/jni.cpp, line 615]

Events (10 events):
Event: 2674.595 Thread 0x0000020db9fa0800 DEOPT UNPACKING pc=0x0000020d9b46d6ce sp=0x000000c74b4fe108 mode 1
Event: 2674.790 Thread 0x0000020dbbb66800 DEOPT PACKING pc=0x0000020d9ce0dfac sp=0x000000c74f0fde70
Event: 2674.790 Thread 0x0000020dbbb66800 DEOPT UNPACKING pc=0x0000020d9b46d6ce sp=0x000000c74f0fd460 mode 1
Event: 2674.790 Executing VM operation: RevokeBias
Event: 2674.790 Executing VM operation: RevokeBias done
Event: 2674.790 Thread 0x0000020dbbb66800 DEOPT PACKING pc=0x0000020d9cd3d184 sp=0x000000c74f0fe060
Event: 2674.790 Thread 0x0000020dbbb66800 DEOPT UNPACKING pc=0x0000020d9b46d6ce sp=0x000000c74f0fd870 mode 1
Event: 2677.154 Thread 0x0000020dbd04e800 DEOPT PACKING pc=0x0000020d9ce0dfac sp=0x000000c74ddfe4b0
Event: 2677.154 Thread 0x0000020dbd04e800 DEOPT UNPACKING pc=0x0000020d9b46d6ce sp=0x000000c74ddfdaa0 mode 1
Event: 2677.154 Executing VM operation: RevokeBias


Dynamic libraries:
0x00007ff645910000 - 0x00007ff645957000 	D:\SoftWares\jdk11\bin\java.exe
0x00007ffba4b90000 - 0x00007ffba4da4000 	C:\Windows\SYSTEM32\ntdll.dll
0x00007ffba3b50000 - 0x00007ffba3c12000 	C:\Windows\System32\KERNEL32.DLL
0x00007ffba2280000 - 0x00007ffba2623000 	C:\Windows\System32\KERNELBASE.dll
0x00007ffba47f0000 - 0x00007ffba489e000 	C:\Windows\System32\ADVAPI32.dll
0x00007ffba4740000 - 0x00007ffba47e7000 	C:\Windows\System32\msvcrt.dll
0x00007ffba3a60000 - 0x00007ffba3b04000 	C:\Windows\System32\sechost.dll
0x00007ffba2990000 - 0x00007ffba2aa7000 	C:\Windows\System32\RPCRT4.dll
0x00007ffba37d0000 - 0x00007ffba397a000 	C:\Windows\System32\USER32.dll
0x00007ffba2630000 - 0x00007ffba2656000 	C:\Windows\System32\win32u.dll
0x00007ffba3b20000 - 0x00007ffba3b49000 	C:\Windows\System32\GDI32.dll
0x00007ffba2660000 - 0x00007ffba2779000 	C:\Windows\System32\gdi32full.dll
0x00007ffba21e0000 - 0x00007ffba227a000 	C:\Windows\System32\msvcp_win.dll
0x00007ffba1f90000 - 0x00007ffba20a1000 	C:\Windows\System32\ucrtbase.dll
0x00007ffb87b30000 - 0x00007ffb87dbe000 	C:\Windows\WinSxS\amd64_microsoft.windows.common-controls_6595b64144ccf1df_6.0.22621.1635_none_270f70857386168e\COMCTL32.dll
0x00007ffb9b680000 - 0x00007ffb9b68a000 	C:\Windows\SYSTEM32\VERSION.dll
0x00007ffba4700000 - 0x00007ffba4731000 	C:\Windows\System32\IMM32.DLL
0x00007ffb97270000 - 0x00007ffb97286000 	D:\SoftWares\jdk11\bin\vcruntime140.dll
0x00007ffb971c0000 - 0x00007ffb9726a000 	D:\SoftWares\jdk11\bin\msvcp140.dll
0x00007ffb09700000 - 0x00007ffb0a229000 	D:\SoftWares\jdk11\bin\server\jvm.dll
0x00007ffba3d20000 - 0x00007ffba3d28000 	C:\Windows\System32\PSAPI.DLL
0x00007ffb7ce30000 - 0x00007ffb7ce39000 	C:\Windows\SYSTEM32\WSOCK32.dll
0x00007ffba2bb0000 - 0x00007ffba2c21000 	C:\Windows\System32\WS2_32.dll
0x00007ffb9b7a0000 - 0x00007ffb9b7d4000 	C:\Windows\SYSTEM32\WINMM.dll
0x00007ffba10c0000 - 0x00007ffba10d8000 	C:\Windows\SYSTEM32\kernel.appcore.dll
0x00007ffb8e4d0000 - 0x00007ffb8e4e1000 	D:\SoftWares\jdk11\bin\verify.dll
0x00007ffb9f9d0000 - 0x00007ffb9fbfe000 	C:\Windows\SYSTEM32\DBGHELP.DLL
0x00007ffba3240000 - 0x00007ffba35c9000 	C:\Windows\System32\combase.dll
0x00007ffba2c30000 - 0x00007ffba2d07000 	C:\Windows\System32\OLEAUT32.dll
0x00007ffb92b60000 - 0x00007ffb92b92000 	C:\Windows\SYSTEM32\dbgcore.DLL
0x00007ffba28f0000 - 0x00007ffba296a000 	C:\Windows\System32\bcryptPrimitives.dll
0x00007ffb8e110000 - 0x00007ffb8e139000 	D:\SoftWares\jdk11\bin\java.dll
0x00007ffb8c930000 - 0x00007ffb8c967000 	D:\SoftWares\jdk11\bin\jdwp.dll
0x00007ffb8dc00000 - 0x00007ffb8dc2f000 	D:\SoftWares\jdk11\bin\instrument.dll
0x00007ffb8dbc0000 - 0x00007ffb8dbd6000 	D:\SoftWares\jdk11\bin\zip.dll
0x00007ffb92ba0000 - 0x00007ffb92baa000 	D:\SoftWares\jdk11\bin\jimage.dll
0x00007ffba3d30000 - 0x00007ffba4529000 	C:\Windows\System32\SHELL32.dll
0x00007ffb9ff90000 - 0x00007ffba085e000 	C:\Windows\SYSTEM32\windows.storage.dll
0x00007ffb9fe50000 - 0x00007ffb9ff8e000 	C:\Windows\SYSTEM32\wintypes.dll
0x00007ffba2ab0000 - 0x00007ffba2ba1000 	C:\Windows\System32\SHCORE.dll
0x00007ffba3770000 - 0x00007ffba37ce000 	C:\Windows\System32\shlwapi.dll
0x00007ffba1ec0000 - 0x00007ffba1ee6000 	C:\Windows\SYSTEM32\profapi.dll
0x00007ffb8e4c0000 - 0x00007ffb8e4ca000 	D:\SoftWares\jdk11\bin\dt_socket.dll
0x00007ffba1540000 - 0x00007ffba15a9000 	C:\Windows\system32\mswsock.dll
0x00007ffb8d700000 - 0x00007ffb8d719000 	D:\SoftWares\jdk11\bin\net.dll
0x00007ffb9b2d0000 - 0x00007ffb9b407000 	C:\Windows\SYSTEM32\WINHTTP.dll
0x00007ffb8ca10000 - 0x00007ffb8ca23000 	D:\SoftWares\jdk11\bin\nio.dll
0x00007ffba0ba0000 - 0x00007ffba0c93000 	C:\Windows\SYSTEM32\DNSAPI.dll
0x00007ffba0b70000 - 0x00007ffba0b9d000 	C:\Windows\SYSTEM32\IPHLPAPI.DLL
0x00007ffba48a0000 - 0x00007ffba48a9000 	C:\Windows\System32\NSI.dll
0x00007ffb95370000 - 0x00007ffb9537a000 	C:\Windows\System32\rasadhlp.dll
0x00007ffb97860000 - 0x00007ffb978e4000 	C:\Windows\System32\fwpuclnt.dll
0x00007ffb8e200000 - 0x00007ffb8e209000 	D:\SoftWares\jdk11\bin\management.dll
0x00007ffb8e1c0000 - 0x00007ffb8e1cc000 	D:\SoftWares\jdk11\bin\management_ext.dll
0x00007ffba17a0000 - 0x00007ffba17bb000 	C:\Windows\SYSTEM32\CRYPTSP.dll
0x00007ffba1030000 - 0x00007ffba1065000 	C:\Windows\system32\rsaenh.dll
0x00007ffba1640000 - 0x00007ffba166c000 	C:\Windows\SYSTEM32\USERENV.dll
0x00007ffba1940000 - 0x00007ffba1968000 	C:\Windows\SYSTEM32\bcrypt.dll
0x00007ffba17c0000 - 0x00007ffba17cc000 	C:\Windows\SYSTEM32\CRYPTBASE.dll
0x00007ffb9b690000 - 0x00007ffb9b6a9000 	C:\Windows\SYSTEM32\dhcpcsvc6.DLL
0x00007ffb9b1a0000 - 0x00007ffb9b1bf000 	C:\Windows\SYSTEM32\dhcpcsvc.DLL
0x00007ffb688a0000 - 0x00007ffb688b7000 	C:\Windows\system32\napinsp.dll
0x00007ffb68880000 - 0x00007ffb6889b000 	C:\Windows\system32\pnrpnsp.dll
0x00007ffb68860000 - 0x00007ffb68871000 	C:\Windows\System32\winrnr.dll
0x00007ffb68840000 - 0x00007ffb68855000 	C:\Windows\system32\wshbth.dll
0x00007ffb68810000 - 0x00007ffb68831000 	C:\Windows\system32\nlansp_c.dll
0x00007ffb8def0000 - 0x00007ffb8defd000 	D:\SoftWares\jdk11\bin\sunmscapi.dll
0x00007ffba2780000 - 0x00007ffba28e7000 	C:\Windows\System32\CRYPT32.dll
0x00007ffba1910000 - 0x00007ffba193e000 	C:\Windows\SYSTEM32\ncrypt.dll
0x00007ffba18d0000 - 0x00007ffba1907000 	C:\Windows\SYSTEM32\NTASN1.dll
0x00007ffb8c8c0000 - 0x00007ffb8c8e7000 	D:\SoftWares\jdk11\bin\sunec.dll
0x00007ffba10e0000 - 0x00007ffba1114000 	C:\Windows\SYSTEM32\ntmarta.dll

dbghelp: loaded successfully - version: 4.0.5 - missing functions: none
symbol engine: initialized successfully - sym options: 0x614 - pdb path: .;D:\SoftWares\jdk11\bin;C:\Windows\SYSTEM32;C:\Windows\WinSxS\amd64_microsoft.windows.common-controls_6595b64144ccf1df_6.0.22621.1635_none_270f70857386168e;D:\SoftWares\jdk11\bin\server

VM Arguments:
jvm_args: -agentlib:jdwp=transport=dt_socket,address=127.0.0.1:64204,suspend=y,server=n -XX:TieredStopAtLevel=1 -Xverify:none -Dspring.output.ansi.enabled=always -javaagent:C:\Users\dongguohui\AppData\Local\JetBrains\IntelliJIdea2021.1\captureAgent\debugger-agent.jar -Dcom.sun.management.jmxremote -Dspring.jmx.enabled=true -Dspring.liveBeansView.mbeanDomain -Dspring.application.admin.enabled=true -Dfile.encoding=UTF-8 
java_command: com.xuecheng.MediaApplication
java_class_path (initial): D:\SoftWares\idea2021\codeFiles\xuecheng\xuecheng-plus-projects\xuecheng-plus-media\xuecheng-plus-media-api\target\classes;D:\SoftWares\maven3.6.3\repository\com\alibaba\cloud\spring-cloud-starter-alibaba-nacos-discovery\2.2.6.RELEASE\spring-cloud-starter-alibaba-nacos-discovery-2.2.6.RELEASE.jar;D:\SoftWares\maven3.6.3\repository\com\alibaba\cloud\spring-cloud-alibaba-commons\2.2.6.RELEASE\spring-cloud-alibaba-commons-2.2.6.RELEASE.jar;D:\SoftWares\maven3.6.3\repository\com\alibaba\nacos\nacos-client\1.4.2\nacos-client-1.4.2.jar;D:\SoftWares\maven3.6.3\repository\com\alibaba\nacos\nacos-common\1.4.2\nacos-common-1.4.2.jar;D:\SoftWares\maven3.6.3\repository\commons-io\commons-io\2.7\commons-io-2.7.jar;D:\SoftWares\maven3.6.3\repository\org\apache\httpcomponents\httpasyncclient\4.1.4\httpasyncclient-4.1.4.jar;D:\SoftWares\maven3.6.3\repository\org\apache\httpcomponents\httpcore\4.4.14\httpcore-4.4.14.jar;D:\SoftWares\maven3.6.3\repository\org\apache\httpcomponents\httpcore-nio\4.4.14\httpcore-nio-4.4.14.jar;D:\SoftWares\maven3.6.3\repository\com\alibaba\nacos\nacos-api\1.4.2\nacos-api-1.4.2.jar;D:\SoftWares\maven3.6.3\repository\com\google\guava\guava\25.0-jre\guava-25.0-jre.jar;D:\SoftWares\maven3.6.3\repository\com\google\code\findbugs\jsr305\1.3.9\jsr305-1.3.9.jar;D:\SoftWares\maven3.6.3\repository\org\checkerframework\checker-compat-qual\2.0.0\checker-compat-qual-2.0.0.jar;D:\SoftWares\maven3.6.3\repository\com\google\errorprone\error_prone_annotations\2.1.3\error_prone_annotations-2.1.3.jar;D:\SoftWares\maven3.6.3\repository\com\google\j2objc\j2objc-annotations\1.1\j2objc-annotations-1.1.jar;D:\SoftWares\maven3.6.3\repository\org\codehaus\mojo\animal-sniffer-annotations\1.14\animal-sniffer-annotations-1.14.jar;D:\SoftWares\maven3.6.3\repository\commons-codec\commons-codec\1.14\commons-codec-1.14.jar;D:\SoftWares\maven3.6.3\repository\com\fasterxml\jackson\core\jackson-core\2.11.3\jackson-core-2.11.3.jar;D:\SoftWares\maven3.6.3\reposi
Launcher Type: SUN_STANDARD

[Global flags]
     bool BytecodeVerificationLocal                = false                                     {product} {command line}
     bool BytecodeVerificationRemote               = false                                     {product} {command line}
     intx CICompilerCount                          = 12                                        {product} {ergonomic}
     uint ConcGCThreads                            = 4                                         {product} {ergonomic}
     uint G1ConcRefinementThreads                  = 15                                        {product} {ergonomic}
   size_t G1HeapRegionSize                         = 1048576                                   {product} {ergonomic}
    uintx GCDrainStackTargetSize                   = 64                                        {product} {ergonomic}
   size_t InitialHeapSize                          = 264241152                                 {product} {ergonomic}
     bool ManagementServer                         = true                                      {product} {command line}
   size_t MarkStackSize                            = 4194304                                   {product} {ergonomic}
   size_t MaxHeapSize                              = 4223664128                                {product} {ergonomic}
   size_t MaxNewSize                               = 2533359616                                {product} {ergonomic}
   size_t MinHeapDeltaBytes                        = 1048576                                   {product} {ergonomic}
    uintx NonNMethodCodeHeapSize                   = 12163472                               {pd product} {ergonomic}
    uintx NonProfiledCodeHeapSize                  = 239494768                              {pd product} {ergonomic}
    uintx ProfiledCodeHeapSize                     = 0                                      {pd product} {ergonomic}
    uintx ReservedCodeCacheSize                    = 251658240                              {pd product} {ergonomic}
     bool SegmentedCodeCache                       = true                                      {product} {ergonomic}
     intx TieredStopAtLevel                        = 1                                         {product} {command line}
     bool UseCompressedClassPointers               = true                                 {lp64_product} {ergonomic}
     bool UseCompressedOops                        = true                                 {lp64_product} {ergonomic}
     bool UseG1GC                                  = true                                      {product} {ergonomic}
     bool UseLargePagesIndividualAllocation        = false                                  {pd product} {ergonomic}

Logging:
Log output configuration:
 #0: stdout all=warning uptime,level,tags
 #1: stderr all=off uptime,level,tags

Environment Variables:
JAVA_HOME=D:\SoftWares\jdk11
PATH=E:\softWares\CUDA_manager\11.7.1\CUDA1\bin;E:\softWares\CUDA_manager\11.7.1\CUDA1\libnvvp;D:\SoftWares\VM17\bin\;D:\SoftWares\python3.9.7\Scripts\;D:\SoftWares\python3.9.7\;C:\Windows\system32;C:\Windows;C:\Windows\System32\Wbem;C:\Windows\System32\WindowsPowerShell\v1.0\;C:\Windows\System32\OpenSSH\;C:\Program Files (x86)\NVIDIA Corporation\PhysX\Common;C:\Program Files\NVIDIA Corporation\NVIDIA NvDLISR;D:\SoftWares\jdk11\bin;D:\SoftWares\maven3.6.3\apache-maven-3.6.3\bin;D:\SoftWares\Xshell7\;D:\SoftWares\git2.40\Git\cmd;D:\SoftWares\node18.16.1\;C:\ProgramData\chocolatey\bin;D:\SoftWares\node18.16.1\node_global\node_modules;C:\Program Files\NVIDIA Corporation\Nsight Compute 2022.2.1\;E:\softWares\anaconda3;E:\softWares\anaconda3\Scripts;E:\softWares\anaconda3\Library\mingw-w64\bin;E:\softWares\anaconda3\Library\usr\bin;E:\softWares\anaconda3\Library\bin;D:\SoftWares\MinGW-W64 GCC-8.1.0\x86_64-8.1.0-release-posix-seh-rt_v6-rev0\mingw64\bin;C:\Users\dongguohui\AppData\Local\Microsoft\WindowsApps;;D:\SoftWares\idea2021\IntelliJ IDEA 2021.1\bin;;C:\Users\dongguohui\AppData\Roaming\npm;D:\SoftWares\pycharm2022\PyCharm 2022.1.3\bin;;D:\SoftWares\VScode2022\Microsoft VS Code\bin
USERNAME=dongguohui
OS=Windows_NT
PROCESSOR_IDENTIFIER=Intel64 Family 6 Model 186 Stepping 2, GenuineIntel



---------------  S Y S T E M  ---------------

OS: Windows 10 , 64 bit Build 22621 (10.0.22621.1928)

CPU:total 20 (initial active 20) (10 cores per cpu, 2 threads per core) family 6 model 186 stepping 2, cmov, cx8, fxsr, mmx, sse, sse2, sse3, ssse3, sse4.1, sse4.2, popcnt, avx, avx2, aes, clmul, erms, 3dnowpref, lzcnt, ht, tsc, tscinvbit, bmi1, bmi2, adx, sha, fma

Memory: 4k page, system-wide physical 16108M (476M free)
TotalPageFile size 41708M (AvailPageFile size 7M)
current process WorkingSet (physical memory assigned to process): 31M, peak: 392M
current process commit charge ("private bytes"): 526M, peak: 527M

vm_info: Java HotSpot(TM) 64-Bit Server VM (11.0.6+8-LTS) for windows-amd64 JRE (11.0.6+8-LTS), built on Dec 11 2019 09:17:57 by "mach5one" with MS VC++ 15.5 (VS2017)

END.
