#
# There is insufficient memory for the Java Runtime Environment to continue.
# Native memory allocation (mmap) failed to map 264241152 bytes for Failed to commit area from 0x0000000704400000 to 0x0000000714000000 of length 264241152.
# Possible reasons:
#   The system is out of physical RAM or swap space
#   The process is running with CompressedOops enabled, and the Java Heap may be blocking the growth of the native heap
# Possible solutions:
#   Reduce memory load on the system
#   Increase physical memory or swap space
#   Check if swap backing store is full
#   Decrease Java heap size (-Xmx/-Xms)
#   Decrease number of Java threads
#   Decrease Java thread stack sizes (-Xss)
#   Set larger code cache with -XX:ReservedCodeCacheSize=
# This output file may be truncated or incomplete.
#
#  Out of Memory Error (t:/workspace/open/src/hotspot/os/windows/os_windows.cpp:3271), pid=3420, tid=19696
#
# JRE version:  (11.0.6+8) (build )
# Java VM: Java HotSpot(TM) 64-Bit Server VM (11.0.6+8-LTS, mixed mode, sharing, tiered, compressed oops, g1 gc, windows-amd64)
# No core dump will be written. Minidumps are not enabled by default on client versions of Windows
#

---------------  S U M M A R Y ------------

Command Line: -Dmaven.multiModuleProjectDirectory=D:\SoftWares\idea2021\codeFiles\xuecheng\xuecheng-plus-projects\xuecheng-plus-auth -Dmaven.home=D:\SoftWares\maven3.6.3\apache-maven-3.6.3 -Dclassworlds.conf=D:\SoftWares\maven3.6.3\apache-maven-3.6.3\bin\m2.conf -Dmaven.ext.class.path=D:\SoftWares\idea2021\IntelliJ IDEA 2021.1\plugins\maven\lib\maven-event-listener.jar -Dfile.encoding=UTF-8 org.codehaus.classworlds.Launcher -Didea.version=2021.1 -s D:\SoftWares\maven3.6.3\apache-maven-3.6.3\conf\settings.xml -Dmaven.repo.local=D:\SoftWares\maven3.6.3\repository install

Host: 13th Gen Intel(R) Core(TM) i7-13700H, 20 cores, 15G,  Windows 10 , 64 bit Build 22621 (10.0.22621.1928)
Time: Fri Aug 11 20:06:22 2023 中国标准时间 elapsed time: 0 seconds (0d 0h 0m 0s)

---------------  T H R E A D  ---------------

Current thread (0x000002a706e72800):  JavaThread "Unknown thread" [_thread_in_vm, id=19696, stack(0x000000e99dd00000,0x000000e99de00000)]

Stack: [0x000000e99dd00000,0x000000e99de00000]
Native frames: (J=compiled Java code, j=interpreted, Vv=VM code, C=native code)
V  [jvm.dll+0x63679a]
V  [jvm.dll+0x7755bf]
V  [jvm.dll+0x776c65]
V  [jvm.dll+0x7772d3]
V  [jvm.dll+0x25e7f8]
V  [jvm.dll+0x633c4a]
V  [jvm.dll+0x628625]
V  [jvm.dll+0x314a7c]
V  [jvm.dll+0x314902]
V  [jvm.dll+0x31a176]
V  [jvm.dll+0x36650f]
V  [jvm.dll+0x365f30]
V  [jvm.dll+0x2f1a78]
V  [jvm.dll+0x2f2bf6]
V  [jvm.dll+0x74e707]
V  [jvm.dll+0x74fe7f]
V  [jvm.dll+0x373349]
V  [jvm.dll+0x734e5e]
V  [jvm.dll+0x3e2b5d]
V  [jvm.dll+0x3e4ef1]
C  [java.exe+0x3607]
C  [java.exe+0x178dc]
C  [KERNEL32.DLL+0x126ad]
C  [ntdll.dll+0x5aa68]


---------------  P R O C E S S  ---------------

Threads class SMR info:
_java_thread_list=0x000002a704c07010, length=0, elements={
}

Java Threads: ( => current thread )

Other Threads:
  0x000002a706e87800 GCTaskThread "GC Thread#0" [stack: 0x000000e99de00000,0x000000e99df00000] [id=23800]
  0x000002a706ee5000 ConcurrentGCThread "G1 Main Marker" [stack: 0x000000e99df00000,0x000000e99e000000] [id=41940]
  0x000002a706ee7000 ConcurrentGCThread "G1 Conc#0" [stack: 0x000000e99e000000,0x000000e99e100000] [id=28968]

[error occurred during error reporting (printing all threads), id 0xc0000005, EXCEPTION_ACCESS_VIOLATION (0xc0000005) at pc=0x00007ffb09a00207]

VM state:not at safepoint (not fully initialized)

VM Mutex/Monitor currently owned by a thread:  ([mutex/lock_event])
[0x000002a706e6f6d0] Heap_lock - owner thread: 0x000002a706e72800

Heap address: 0x0000000704400000, size: 4028 MB, Compressed Oops mode: Non-zero based: 0x0000000704400000
Narrow klass base: 0x0000000000000000, Narrow klass shift: 0

GC Heap History (0 events):
No events

Deoptimization events (0 events):
No events

Classes redefined (0 events):
No events

Internal exceptions (0 events):
No events

Events (0 events):
No events


Dynamic libraries:
0x00007ff645910000 - 0x00007ff645957000 	D:\SoftWares\jdk11\bin\java.exe
0x00007ffba4b90000 - 0x00007ffba4da4000 	C:\Windows\SYSTEM32\ntdll.dll
0x00007ffba3b50000 - 0x00007ffba3c12000 	C:\Windows\System32\KERNEL32.DLL
0x00007ffba2280000 - 0x00007ffba2623000 	C:\Windows\System32\KERNELBASE.dll
0x00007ffba47f0000 - 0x00007ffba489e000 	C:\Windows\System32\ADVAPI32.dll
0x00007ffba4740000 - 0x00007ffba47e7000 	C:\Windows\System32\msvcrt.dll
0x00007ffba3a60000 - 0x00007ffba3b04000 	C:\Windows\System32\sechost.dll
0x00007ffba2990000 - 0x00007ffba2aa7000 	C:\Windows\System32\RPCRT4.dll
0x00007ffba37d0000 - 0x00007ffba397a000 	C:\Windows\System32\USER32.dll
0x00007ffba2630000 - 0x00007ffba2656000 	C:\Windows\System32\win32u.dll
0x00007ffba3b20000 - 0x00007ffba3b49000 	C:\Windows\System32\GDI32.dll
0x00007ffba2660000 - 0x00007ffba2779000 	C:\Windows\System32\gdi32full.dll
0x00007ffba21e0000 - 0x00007ffba227a000 	C:\Windows\System32\msvcp_win.dll
0x00007ffba1f90000 - 0x00007ffba20a1000 	C:\Windows\System32\ucrtbase.dll
0x00007ffb87b30000 - 0x00007ffb87dbe000 	C:\Windows\WinSxS\amd64_microsoft.windows.common-controls_6595b64144ccf1df_6.0.22621.1635_none_270f70857386168e\COMCTL32.dll
0x00007ffb9b680000 - 0x00007ffb9b68a000 	C:\Windows\SYSTEM32\VERSION.dll
0x00007ffba4700000 - 0x00007ffba4731000 	C:\Windows\System32\IMM32.DLL
0x00007ffb97270000 - 0x00007ffb97286000 	D:\SoftWares\jdk11\bin\vcruntime140.dll
0x00007ffb971c0000 - 0x00007ffb9726a000 	D:\SoftWares\jdk11\bin\msvcp140.dll
0x00007ffb09700000 - 0x00007ffb0a229000 	D:\SoftWares\jdk11\bin\server\jvm.dll
0x00007ffba3d20000 - 0x00007ffba3d28000 	C:\Windows\System32\PSAPI.DLL
0x00007ffb9b7a0000 - 0x00007ffb9b7d4000 	C:\Windows\SYSTEM32\WINMM.dll
0x00007ffb7ce30000 - 0x00007ffb7ce39000 	C:\Windows\SYSTEM32\WSOCK32.dll
0x00007ffba2bb0000 - 0x00007ffba2c21000 	C:\Windows\System32\WS2_32.dll
0x00007ffba10c0000 - 0x00007ffba10d8000 	C:\Windows\SYSTEM32\kernel.appcore.dll
0x00007ffb8e4d0000 - 0x00007ffb8e4e1000 	D:\SoftWares\jdk11\bin\verify.dll
0x00007ffb9f9d0000 - 0x00007ffb9fbfe000 	C:\Windows\SYSTEM32\DBGHELP.DLL
0x00007ffba3240000 - 0x00007ffba35c9000 	C:\Windows\System32\combase.dll
0x00007ffba2c30000 - 0x00007ffba2d07000 	C:\Windows\System32\OLEAUT32.dll
0x00007ffb92b60000 - 0x00007ffb92b92000 	C:\Windows\SYSTEM32\dbgcore.DLL
0x00007ffba28f0000 - 0x00007ffba296a000 	C:\Windows\System32\bcryptPrimitives.dll
0x00007ffb8e110000 - 0x00007ffb8e139000 	D:\SoftWares\jdk11\bin\java.dll
0x00007ffb8dbc0000 - 0x00007ffb8dbd6000 	D:\SoftWares\jdk11\bin\zip.dll
0x00007ffb92ba0000 - 0x00007ffb92baa000 	D:\SoftWares\jdk11\bin\jimage.dll

dbghelp: loaded successfully - version: 4.0.5 - missing functions: none
symbol engine: initialized successfully - sym options: 0x614 - pdb path: .;D:\SoftWares\jdk11\bin;C:\Windows\SYSTEM32;C:\Windows\WinSxS\amd64_microsoft.windows.common-controls_6595b64144ccf1df_6.0.22621.1635_none_270f70857386168e;D:\SoftWares\jdk11\bin\server

VM Arguments:
jvm_args: -Dmaven.multiModuleProjectDirectory=D:\SoftWares\idea2021\codeFiles\xuecheng\xuecheng-plus-projects\xuecheng-plus-auth -Dmaven.home=D:\SoftWares\maven3.6.3\apache-maven-3.6.3 -Dclassworlds.conf=D:\SoftWares\maven3.6.3\apache-maven-3.6.3\bin\m2.conf -Dmaven.ext.class.path=D:\SoftWares\idea2021\IntelliJ IDEA 2021.1\plugins\maven\lib\maven-event-listener.jar -Dfile.encoding=UTF-8 
java_command: org.codehaus.classworlds.Launcher -Didea.version=2021.1 -s D:\SoftWares\maven3.6.3\apache-maven-3.6.3\conf\settings.xml -Dmaven.repo.local=D:\SoftWares\maven3.6.3\repository install
java_class_path (initial): D:\SoftWares\maven3.6.3\apache-maven-3.6.3\boot\plexus-classworlds-2.6.0.jar;D:\SoftWares\maven3.6.3\apache-maven-3.6.3\boot\plexus-classworlds.license
Launcher Type: SUN_STANDARD

[Global flags]
     intx CICompilerCount                          = 12                                        {product} {ergonomic}
     uint ConcGCThreads                            = 4                                         {product} {ergonomic}
     uint G1ConcRefinementThreads                  = 15                                        {product} {ergonomic}
   size_t G1HeapRegionSize                         = 1048576                                   {product} {ergonomic}
    uintx GCDrainStackTargetSize                   = 64                                        {product} {ergonomic}
   size_t InitialHeapSize                          = 264241152                                 {product} {ergonomic}
   size_t MarkStackSize                            = 4194304                                   {product} {ergonomic}
   size_t MaxHeapSize                              = 4223664128                                {product} {ergonomic}
   size_t MinHeapDeltaBytes                        = 1048576                                   {product} {ergonomic}
    uintx NonNMethodCodeHeapSize                   = 7594288                                {pd product} {ergonomic}
    uintx NonProfiledCodeHeapSize                  = 122031976                              {pd product} {ergonomic}
    uintx ProfiledCodeHeapSize                     = 122031976                              {pd product} {ergonomic}
    uintx ReservedCodeCacheSize                    = 251658240                              {pd product} {ergonomic}
     bool SegmentedCodeCache                       = true                                      {product} {ergonomic}
     bool UseCompressedClassPointers               = true                                 {lp64_product} {ergonomic}
     bool UseCompressedOops                        = true                                 {lp64_product} {ergonomic}
     bool UseG1GC                                  = true                                      {product} {ergonomic}
     bool UseLargePagesIndividualAllocation        = false                                  {pd product} {ergonomic}

Logging:
Log output configuration:
 #0: stdout all=warning uptime,level,tags
 #1: stderr all=off uptime,level,tags

Environment Variables:
JAVA_HOME=D:\SoftWares\jdk11
PATH=E:\softWares\CUDA_manager\11.7.1\CUDA1\bin;E:\softWares\CUDA_manager\11.7.1\CUDA1\libnvvp;D:\SoftWares\VM17\bin\;D:\SoftWares\python3.9.7\Scripts\;D:\SoftWares\python3.9.7\;C:\Windows\system32;C:\Windows;C:\Windows\System32\Wbem;C:\Windows\System32\WindowsPowerShell\v1.0\;C:\Windows\System32\OpenSSH\;C:\Program Files (x86)\NVIDIA Corporation\PhysX\Common;C:\Program Files\NVIDIA Corporation\NVIDIA NvDLISR;D:\SoftWares\jdk11\bin;D:\SoftWares\maven3.6.3\apache-maven-3.6.3\bin;D:\SoftWares\Xshell7\;D:\SoftWares\git2.40\Git\cmd;D:\SoftWares\node18.16.1\;C:\ProgramData\chocolatey\bin;D:\SoftWares\node18.16.1\node_global\node_modules;C:\Program Files\NVIDIA Corporation\Nsight Compute 2022.2.1\;E:\softWares\anaconda3;E:\softWares\anaconda3\Scripts;E:\softWares\anaconda3\Library\mingw-w64\bin;E:\softWares\anaconda3\Library\usr\bin;E:\softWares\anaconda3\Library\bin;D:\SoftWares\MinGW-W64 GCC-8.1.0\x86_64-8.1.0-release-posix-seh-rt_v6-rev0\mingw64\bin;C:\Users\dongguohui\AppData\Local\Microsoft\WindowsApps;;D:\SoftWares\idea2021\IntelliJ IDEA 2021.1\bin;;C:\Users\dongguohui\AppData\Roaming\npm;D:\SoftWares\pycharm2022\PyCharm 2022.1.3\bin;;D:\SoftWares\VScode2022\Microsoft VS Code\bin
USERNAME=dongguohui
OS=Windows_NT
PROCESSOR_IDENTIFIER=Intel64 Family 6 Model 186 Stepping 2, GenuineIntel



---------------  S Y S T E M  ---------------

OS: Windows 10 , 64 bit Build 22621 (10.0.22621.1928)

CPU:total 20 (initial active 20) (10 cores per cpu, 2 threads per core) family 6 model 186 stepping 2, cmov, cx8, fxsr, mmx, sse, sse2, sse3, ssse3, sse4.1, sse4.2, popcnt, avx, avx2, aes, clmul, erms, 3dnowpref, lzcnt, ht, tsc, tscinvbit, bmi1, bmi2, adx, sha, fma

Memory: 4k page, system-wide physical 16108M (237M free)
TotalPageFile size 41708M (AvailPageFile size 256M)
current process WorkingSet (physical memory assigned to process): 11M, peak: 11M
current process commit charge ("private bytes"): 76M, peak: 328M

vm_info: Java HotSpot(TM) 64-Bit Server VM (11.0.6+8-LTS) for windows-amd64 JRE (11.0.6+8-LTS), built on Dec 11 2019 09:17:57 by "mach5one" with MS VC++ 15.5 (VS2017)

END.
